

Started GET "/" for 127.0.0.1 at 2013-12-13 14:59:29 -0800
Connecting to database specified by database.yml
Processing by SiteController#index as HTML
  Rendered site/index.html.haml within layouts/application (2.4ms)
Compiled application.css  (41ms)  (pid 79603)
Compiled application.js  (0ms)  (pid 79603)
Completed 200 OK in 62ms (Views: 61.8ms | ActiveRecord: 0.0ms)


Started GET "/assets/application.css?body=1" for 127.0.0.1 at 2013-12-13 14:59:29 -0800
Served asset /application.css - 200 OK (2ms)


Started GET "/assets/application.js?body=1" for 127.0.0.1 at 2013-12-13 14:59:29 -0800
Served asset /application.js - 200 OK (1ms)


Started GET "/assets/me.jpg" for 127.0.0.1 at 2013-12-13 14:59:29 -0800
Served asset /me.jpg - 200 OK (7ms)


Started GET "/" for 127.0.0.1 at 2013-12-13 14:59:34 -0800
Processing by SiteController#index as HTML
  Rendered site/index.html.haml within layouts/application (0.7ms)
Completed 200 OK in 4ms (Views: 3.8ms | ActiveRecord: 0.0ms)


Started GET "/assets/application.css?body=1" for 127.0.0.1 at 2013-12-13 14:59:34 -0800
Served asset /application.css - 304 Not Modified (0ms)


Started GET "/assets/me.jpg" for 127.0.0.1 at 2013-12-13 14:59:34 -0800
Served asset /me.jpg - 304 Not Modified (0ms)


Started GET "/assets/application.js?body=1" for 127.0.0.1 at 2013-12-13 14:59:34 -0800
Served asset /application.js - 304 Not Modified (0ms)


Started GET "/waves" for 127.0.0.1 at 2013-12-13 15:00:35 -0800
Processing by WavesController#index as HTML
  Rendered waves/index.html.haml within layouts/application (1.1ms)
Completed 200 OK in 5ms (Views: 4.5ms | ActiveRecord: 0.0ms)


Started GET "/assets/application.css?body=1" for 127.0.0.1 at 2013-12-13 15:00:35 -0800
Served asset /application.css - 304 Not Modified (0ms)


Started GET "/assets/application.js?body=1" for 127.0.0.1 at 2013-12-13 15:00:35 -0800
Served asset /application.js - 304 Not Modified (0ms)


Started GET "/waves" for 127.0.0.1 at 2013-12-13 15:01:25 -0800
Processing by WavesController#index as HTML
  Rendered waves/index.html.haml within layouts/application (0.1ms)
Completed 200 OK in 3ms (Views: 2.8ms | ActiveRecord: 0.0ms)


Started GET "/assets/application.css?body=1" for 127.0.0.1 at 2013-12-13 15:01:25 -0800
Served asset /application.css - 304 Not Modified (0ms)


Started GET "/assets/application.js?body=1" for 127.0.0.1 at 2013-12-13 15:01:25 -0800
Served asset /application.js - 304 Not Modified (0ms)


Started GET "/" for 127.0.0.1 at 2013-12-13 15:01:28 -0800
Processing by SiteController#index as HTML
  Rendered site/index.html.haml within layouts/application (2.1ms)
Completed 200 OK in 7ms (Views: 6.7ms | ActiveRecord: 0.0ms)


Started GET "/assets/application.css?body=1" for 127.0.0.1 at 2013-12-13 15:01:28 -0800
Served asset /application.css - 304 Not Modified (0ms)


Started GET "/assets/application.js?body=1" for 127.0.0.1 at 2013-12-13 15:01:28 -0800
Served asset /application.js - 304 Not Modified (0ms)


Started GET "/" for 127.0.0.1 at 2013-12-13 15:23:48 -0800
Processing by SiteController#index as HTML
  Rendered site/index.html.haml within layouts/application (1.8ms)
Completed 200 OK in 5ms (Views: 4.5ms | ActiveRecord: 0.0ms)


Started GET "/assets/application.css?body=1" for 127.0.0.1 at 2013-12-13 15:23:48 -0800
Served asset /application.css - 304 Not Modified (0ms)


Started GET "/assets/application.js?body=1" for 127.0.0.1 at 2013-12-13 15:23:48 -0800
Served asset /application.js - 304 Not Modified (0ms)


Started GET "/" for 127.0.0.1 at 2013-12-13 15:24:14 -0800
Processing by SiteController#index as HTML
  Rendered site/index.html.haml within layouts/application (0.6ms)
Completed 200 OK in 4ms (Views: 3.9ms | ActiveRecord: 0.0ms)


Started GET "/assets/application.css?body=1" for 127.0.0.1 at 2013-12-13 15:24:14 -0800
Served asset /application.css - 304 Not Modified (0ms)


Started GET "/assets/application.js?body=1" for 127.0.0.1 at 2013-12-13 15:24:14 -0800
Served asset /application.js - 304 Not Modified (0ms)


Started GET "/" for 127.0.0.1 at 2013-12-13 15:26:44 -0800
Processing by SiteController#index as HTML
  Rendered site/index.html.haml within layouts/application (2.0ms)
Completed 200 OK in 5ms (Views: 4.8ms | ActiveRecord: 0.0ms)


Started GET "/assets/application.css?body=1" for 127.0.0.1 at 2013-12-13 15:26:44 -0800
Served asset /application.css - 304 Not Modified (0ms)


Started GET "/assets/application.js?body=1" for 127.0.0.1 at 2013-12-13 15:26:44 -0800
Served asset /application.js - 304 Not Modified (0ms)


Started GET "/undefinedo/5124199069613c65680001f9.json" for 127.0.0.1 at 2013-12-13 15:26:44 -0800

ActionController::RoutingError (No route matches [GET] "/undefinedo/5124199069613c65680001f9.json"):
  actionpack (3.2.8) lib/action_dispatch/middleware/debug_exceptions.rb:21:in `call'
  actionpack (3.2.8) lib/action_dispatch/middleware/show_exceptions.rb:56:in `call'
  railties (3.2.8) lib/rails/rack/logger.rb:26:in `call_app'
  railties (3.2.8) lib/rails/rack/logger.rb:16:in `call'
  actionpack (3.2.8) lib/action_dispatch/middleware/request_id.rb:22:in `call'
  rack (1.4.1) lib/rack/methodoverride.rb:21:in `call'
  rack (1.4.1) lib/rack/runtime.rb:17:in `call'
  activesupport (3.2.8) lib/active_support/cache/strategy/local_cache.rb:72:in `call'
  rack (1.4.1) lib/rack/lock.rb:15:in `call'
  actionpack (3.2.8) lib/action_dispatch/middleware/static.rb:62:in `call'
  railties (3.2.8) lib/rails/engine.rb:479:in `call'
  railties (3.2.8) lib/rails/application.rb:223:in `call'
  rack (1.4.1) lib/rack/content_length.rb:14:in `call'
  railties (3.2.8) lib/rails/rack/log_tailer.rb:17:in `call'
  thin (1.5.0) lib/thin/connection.rb:81:in `block in pre_process'
  thin (1.5.0) lib/thin/connection.rb:79:in `catch'
  thin (1.5.0) lib/thin/connection.rb:79:in `pre_process'
  thin (1.5.0) lib/thin/connection.rb:54:in `process'
  thin (1.5.0) lib/thin/connection.rb:39:in `receive_data'
  eventmachine (1.0.0) lib/eventmachine.rb:187:in `run_machine'
  eventmachine (1.0.0) lib/eventmachine.rb:187:in `run'
  thin (1.5.0) lib/thin/backends/base.rb:63:in `start'
  thin (1.5.0) lib/thin/server.rb:159:in `start'
  rack (1.4.1) lib/rack/handler/thin.rb:13:in `run'
  rack (1.4.1) lib/rack/server.rb:265:in `start'
  railties (3.2.8) lib/rails/commands/server.rb:70:in `start'
  railties (3.2.8) lib/rails/commands.rb:55:in `block in <top (required)>'
  railties (3.2.8) lib/rails/commands.rb:50:in `tap'
  railties (3.2.8) lib/rails/commands.rb:50:in `<top (required)>'
  script/rails:6:in `require'
  script/rails:6:in `<main>'


  Rendered /Users/jeremy/.rvm/gems/ruby-2.0.0-p247@jeremywoertink/gems/actionpack-3.2.8/lib/action_dispatch/middleware/templates/rescues/routing_error.erb within rescues/layout (0.8ms)


Started GET "/" for 127.0.0.1 at 2013-12-13 15:27:06 -0800
Processing by SiteController#index as HTML
  Rendered site/index.html.haml within layouts/application (2.9ms)
Completed 200 OK in 7ms (Views: 6.4ms | ActiveRecord: 0.0ms)


Started GET "/assets/application.css?body=1" for 127.0.0.1 at 2013-12-13 15:27:06 -0800
Served asset /application.css - 304 Not Modified (0ms)


Started GET "/assets/application.js?body=1" for 127.0.0.1 at 2013-12-13 15:27:06 -0800
Served asset /application.js - 304 Not Modified (0ms)


Started GET "/undefinedo/5124199069613c65680001f9.json" for 127.0.0.1 at 2013-12-13 15:27:06 -0800

ActionController::RoutingError (No route matches [GET] "/undefinedo/5124199069613c65680001f9.json"):
  actionpack (3.2.8) lib/action_dispatch/middleware/debug_exceptions.rb:21:in `call'
  actionpack (3.2.8) lib/action_dispatch/middleware/show_exceptions.rb:56:in `call'
  railties (3.2.8) lib/rails/rack/logger.rb:26:in `call_app'
  railties (3.2.8) lib/rails/rack/logger.rb:16:in `call'
  actionpack (3.2.8) lib/action_dispatch/middleware/request_id.rb:22:in `call'
  rack (1.4.1) lib/rack/methodoverride.rb:21:in `call'
  rack (1.4.1) lib/rack/runtime.rb:17:in `call'
  activesupport (3.2.8) lib/active_support/cache/strategy/local_cache.rb:72:in `call'
  rack (1.4.1) lib/rack/lock.rb:15:in `call'
  actionpack (3.2.8) lib/action_dispatch/middleware/static.rb:62:in `call'
  railties (3.2.8) lib/rails/engine.rb:479:in `call'
  railties (3.2.8) lib/rails/application.rb:223:in `call'
  rack (1.4.1) lib/rack/content_length.rb:14:in `call'
  railties (3.2.8) lib/rails/rack/log_tailer.rb:17:in `call'
  thin (1.5.0) lib/thin/connection.rb:81:in `block in pre_process'
  thin (1.5.0) lib/thin/connection.rb:79:in `catch'
  thin (1.5.0) lib/thin/connection.rb:79:in `pre_process'
  thin (1.5.0) lib/thin/connection.rb:54:in `process'
  thin (1.5.0) lib/thin/connection.rb:39:in `receive_data'
  eventmachine (1.0.0) lib/eventmachine.rb:187:in `run_machine'
  eventmachine (1.0.0) lib/eventmachine.rb:187:in `run'
  thin (1.5.0) lib/thin/backends/base.rb:63:in `start'
  thin (1.5.0) lib/thin/server.rb:159:in `start'
  rack (1.4.1) lib/rack/handler/thin.rb:13:in `run'
  rack (1.4.1) lib/rack/server.rb:265:in `start'
  railties (3.2.8) lib/rails/commands/server.rb:70:in `start'
  railties (3.2.8) lib/rails/commands.rb:55:in `block in <top (required)>'
  railties (3.2.8) lib/rails/commands.rb:50:in `tap'
  railties (3.2.8) lib/rails/commands.rb:50:in `<top (required)>'
  script/rails:6:in `require'
  script/rails:6:in `<main>'


  Rendered /Users/jeremy/.rvm/gems/ruby-2.0.0-p247@jeremywoertink/gems/actionpack-3.2.8/lib/action_dispatch/middleware/templates/rescues/routing_error.erb within rescues/layout (0.5ms)


Started GET "/" for 127.0.0.1 at 2013-12-13 15:27:54 -0800
Processing by SiteController#index as HTML
  Rendered site/index.html.haml within layouts/application (2.7ms)
Completed 200 OK in 7ms (Views: 6.7ms | ActiveRecord: 0.0ms)


Started GET "/assets/application.css?body=1" for 127.0.0.1 at 2013-12-13 15:27:54 -0800
Served asset /application.css - 304 Not Modified (0ms)


Started GET "/assets/application.js?body=1" for 127.0.0.1 at 2013-12-13 15:27:54 -0800
Served asset /application.js - 304 Not Modified (0ms)


Started GET "/" for 127.0.0.1 at 2013-12-13 15:28:16 -0800
Processing by SiteController#index as HTML
  Rendered site/index.html.haml within layouts/application (2.7ms)
Completed 200 OK in 7ms (Views: 6.4ms | ActiveRecord: 0.0ms)


Started GET "/assets/application.css?body=1" for 127.0.0.1 at 2013-12-13 15:28:16 -0800
Served asset /application.css - 304 Not Modified (0ms)


Started GET "/assets/application.js?body=1" for 127.0.0.1 at 2013-12-13 15:28:16 -0800
Served asset /application.js - 304 Not Modified (0ms)


Started GET "/" for 127.0.0.1 at 2013-12-13 15:32:37 -0800
Processing by SiteController#index as HTML
  Rendered site/index.html.haml within layouts/application (2.1ms)
Completed 200 OK in 5ms (Views: 4.8ms | ActiveRecord: 0.0ms)


Started GET "/assets/application.css?body=1" for 127.0.0.1 at 2013-12-13 15:32:37 -0800
Served asset /application.css - 304 Not Modified (0ms)


Started GET "/assets/application.js?body=1" for 127.0.0.1 at 2013-12-13 15:32:37 -0800
Served asset /application.js - 304 Not Modified (0ms)


Started GET "/" for 127.0.0.1 at 2013-12-13 15:33:47 -0800
Processing by SiteController#index as HTML
  Rendered site/index.html.haml within layouts/application (3.0ms)
Completed 200 OK in 8ms (Views: 7.3ms | ActiveRecord: 0.0ms)


Started GET "/assets/application.css?body=1" for 127.0.0.1 at 2013-12-13 15:33:47 -0800
Served asset /application.css - 304 Not Modified (0ms)


Started GET "/assets/application.js?body=1" for 127.0.0.1 at 2013-12-13 15:33:47 -0800
Served asset /application.js - 304 Not Modified (0ms)


Started GET "/" for 127.0.0.1 at 2013-12-13 15:34:09 -0800
Processing by SiteController#index as HTML
  Rendered site/index.html.haml within layouts/application (3.3ms)
Completed 200 OK in 8ms (Views: 8.0ms | ActiveRecord: 0.0ms)


Started GET "/assets/application.css?body=1" for 127.0.0.1 at 2013-12-13 15:34:09 -0800
Served asset /application.css - 304 Not Modified (0ms)


Started GET "/assets/application.js?body=1" for 127.0.0.1 at 2013-12-13 15:34:09 -0800
Served asset /application.js - 304 Not Modified (0ms)


Started GET "/" for 127.0.0.1 at 2013-12-13 15:35:04 -0800
Processing by SiteController#index as HTML
  Rendered site/index.html.haml within layouts/application (2.0ms)
Completed 200 OK in 6ms (Views: 5.5ms | ActiveRecord: 0.0ms)


Started GET "/assets/application.css?body=1" for 127.0.0.1 at 2013-12-13 15:35:04 -0800
Served asset /application.css - 304 Not Modified (0ms)


Started GET "/assets/application.js?body=1" for 127.0.0.1 at 2013-12-13 15:35:04 -0800
Served asset /application.js - 304 Not Modified (0ms)


Started GET "/" for 127.0.0.1 at 2013-12-13 15:35:34 -0800
Processing by SiteController#index as HTML
  Rendered site/index.html.haml within layouts/application (2.7ms)
Completed 200 OK in 7ms (Views: 6.9ms | ActiveRecord: 0.0ms)


Started GET "/assets/application.css?body=1" for 127.0.0.1 at 2013-12-13 15:35:34 -0800
Served asset /application.css - 304 Not Modified (0ms)


Started GET "/assets/application.js?body=1" for 127.0.0.1 at 2013-12-13 15:35:34 -0800
Served asset /application.js - 304 Not Modified (0ms)


Started GET "/" for 127.0.0.1 at 2013-12-17 10:01:07 -0800
Connecting to database specified by database.yml
Processing by SiteController#index as HTML
  Rendered site/index.html.haml within layouts/application (2.4ms)
Completed 200 OK in 42ms (Views: 41.9ms | ActiveRecord: 0.0ms)


Started GET "/assets/application.css?body=1" for 127.0.0.1 at 2013-12-17 10:01:07 -0800
Served asset /application.css - 200 OK (1ms)


Started GET "/assets/application.js?body=1" for 127.0.0.1 at 2013-12-17 10:01:07 -0800
Served asset /application.js - 200 OK (1ms)


Started GET "/" for 127.0.0.1 at 2013-12-17 10:04:29 -0800
Connecting to database specified by database.yml
Processing by SiteController#index as HTML
  Rendered site/index.html.haml within layouts/application (2.2ms)
Completed 200 OK in 35ms (Views: 34.9ms | ActiveRecord: 0.0ms)


Started GET "/assets/application.css?body=1" for 127.0.0.1 at 2013-12-17 10:04:29 -0800
Served asset /application.css - 304 Not Modified (1ms)


Started GET "/assets/application.js?body=1" for 127.0.0.1 at 2013-12-17 10:04:29 -0800
Served asset /application.js - 304 Not Modified (1ms)


Started GET "/" for 127.0.0.1 at 2013-12-17 10:09:48 -0800
Processing by SiteController#index as HTML
  Rendered site/index.html.haml within layouts/application (0.6ms)
Completed 200 OK in 4ms (Views: 3.5ms | ActiveRecord: 0.0ms)


Started GET "/assets/application.css?body=1" for 127.0.0.1 at 2013-12-17 10:09:48 -0800
Served asset /application.css - 304 Not Modified (0ms)


Started GET "/assets/application.js?body=1" for 127.0.0.1 at 2013-12-17 10:09:48 -0800
Served asset /application.js - 304 Not Modified (0ms)


Started GET "/" for 127.0.0.1 at 2013-12-17 10:17:54 -0800
Processing by SiteController#index as HTML
  Rendered site/index.html.haml within layouts/application (0.6ms)
Completed 200 OK in 4ms (Views: 4.1ms | ActiveRecord: 0.0ms)


Started GET "/assets/application.css?body=1" for 127.0.0.1 at 2013-12-17 10:17:54 -0800
Served asset /application.css - 304 Not Modified (0ms)


Started GET "/assets/application.js?body=1" for 127.0.0.1 at 2013-12-17 10:17:54 -0800
Served asset /application.js - 304 Not Modified (0ms)


Started GET "/" for 127.0.0.1 at 2013-12-17 10:19:08 -0800
Processing by SiteController#index as HTML
  Rendered site/index.html.haml within layouts/application (0.6ms)
Completed 200 OK in 4ms (Views: 3.5ms | ActiveRecord: 0.0ms)


Started GET "/assets/application.css?body=1" for 127.0.0.1 at 2013-12-17 10:19:08 -0800
Served asset /application.css - 304 Not Modified (0ms)


Started GET "/assets/application.js?body=1" for 127.0.0.1 at 2013-12-17 10:19:08 -0800
Served asset /application.js - 304 Not Modified (0ms)


Started GET "/" for 127.0.0.1 at 2013-12-17 10:20:25 -0800
Processing by SiteController#index as HTML
  Rendered site/index.html.haml within layouts/application (0.8ms)
Completed 200 OK in 5ms (Views: 5.2ms | ActiveRecord: 0.0ms)


Started GET "/assets/application.css?body=1" for 127.0.0.1 at 2013-12-17 10:20:25 -0800
Served asset /application.css - 304 Not Modified (0ms)


Started GET "/assets/application.js?body=1" for 127.0.0.1 at 2013-12-17 10:20:25 -0800
Served asset /application.js - 304 Not Modified (0ms)


Started GET "/" for 127.0.0.1 at 2013-12-17 10:21:33 -0800
Processing by SiteController#index as HTML
  Rendered site/index.html.haml within layouts/application (0.6ms)
Completed 200 OK in 4ms (Views: 3.6ms | ActiveRecord: 0.0ms)


Started GET "/assets/application.css?body=1" for 127.0.0.1 at 2013-12-17 10:21:33 -0800
Served asset /application.css - 304 Not Modified (0ms)


Started GET "/assets/application.js?body=1" for 127.0.0.1 at 2013-12-17 10:21:33 -0800
Served asset /application.js - 304 Not Modified (0ms)


Started GET "/" for 127.0.0.1 at 2013-12-17 10:22:03 -0800
Processing by SiteController#index as HTML
  Rendered site/index.html.haml within layouts/application (0.5ms)
Completed 200 OK in 4ms (Views: 3.4ms | ActiveRecord: 0.0ms)


Started GET "/assets/application.css?body=1" for 127.0.0.1 at 2013-12-17 10:22:03 -0800
Served asset /application.css - 304 Not Modified (0ms)


Started GET "/assets/application.js?body=1" for 127.0.0.1 at 2013-12-17 10:22:03 -0800
Served asset /application.js - 304 Not Modified (0ms)


Started GET "/" for 127.0.0.1 at 2013-12-17 10:23:08 -0800
Processing by SiteController#index as HTML
  Rendered site/index.html.haml within layouts/application (0.8ms)
Completed 200 OK in 5ms (Views: 4.5ms | ActiveRecord: 0.0ms)


Started GET "/assets/application.css?body=1" for 127.0.0.1 at 2013-12-17 10:23:08 -0800
Served asset /application.css - 304 Not Modified (0ms)


Started GET "/assets/application.js?body=1" for 127.0.0.1 at 2013-12-17 10:23:08 -0800
Served asset /application.js - 304 Not Modified (0ms)


Started GET "/" for 127.0.0.1 at 2013-12-17 10:23:42 -0800
Processing by SiteController#index as HTML
  Rendered site/index.html.haml within layouts/application (0.7ms)
Completed 200 OK in 5ms (Views: 4.8ms | ActiveRecord: 0.0ms)


Started GET "/assets/application.css?body=1" for 127.0.0.1 at 2013-12-17 10:23:42 -0800
Served asset /application.css - 304 Not Modified (0ms)


Started GET "/assets/application.js?body=1" for 127.0.0.1 at 2013-12-17 10:23:42 -0800
Served asset /application.js - 304 Not Modified (0ms)


Started GET "/" for 127.0.0.1 at 2013-12-17 10:23:49 -0800
Processing by SiteController#index as HTML
  Rendered site/index.html.haml within layouts/application (0.6ms)
Completed 200 OK in 4ms (Views: 3.8ms | ActiveRecord: 0.0ms)


Started GET "/assets/application.css?body=1" for 127.0.0.1 at 2013-12-17 10:23:49 -0800
Served asset /application.css - 304 Not Modified (0ms)


Started GET "/assets/application.js?body=1" for 127.0.0.1 at 2013-12-17 10:23:49 -0800
Served asset /application.js - 304 Not Modified (0ms)


Started GET "/" for 127.0.0.1 at 2013-12-17 10:24:16 -0800
Processing by SiteController#index as HTML
  Rendered site/index.html.haml within layouts/application (0.5ms)
Completed 200 OK in 4ms (Views: 3.4ms | ActiveRecord: 0.0ms)


Started GET "/assets/application.css?body=1" for 127.0.0.1 at 2013-12-17 10:24:16 -0800
Served asset /application.css - 304 Not Modified (0ms)


Started GET "/assets/application.js?body=1" for 127.0.0.1 at 2013-12-17 10:24:16 -0800
Served asset /application.js - 304 Not Modified (0ms)


Started GET "/" for 127.0.0.1 at 2013-12-17 10:28:35 -0800
Processing by SiteController#index as HTML
  Rendered site/index.html.haml within layouts/application (0.5ms)
Completed 200 OK in 3ms (Views: 3.3ms | ActiveRecord: 0.0ms)


Started GET "/assets/application.css?body=1" for 127.0.0.1 at 2013-12-17 10:28:35 -0800
Served asset /application.css - 304 Not Modified (0ms)


Started GET "/assets/application.js?body=1" for 127.0.0.1 at 2013-12-17 10:28:35 -0800
Served asset /application.js - 304 Not Modified (0ms)


Started GET "/organizations/50ee0529a55641685e0017da" for 10.0.1.18 at 2013-12-17 10:28:53 -0800

ActionController::RoutingError (No route matches [GET] "/organizations/50ee0529a55641685e0017da"):
  actionpack (3.2.8) lib/action_dispatch/middleware/debug_exceptions.rb:21:in `call'
  actionpack (3.2.8) lib/action_dispatch/middleware/show_exceptions.rb:56:in `call'
  railties (3.2.8) lib/rails/rack/logger.rb:26:in `call_app'
  railties (3.2.8) lib/rails/rack/logger.rb:16:in `call'
  actionpack (3.2.8) lib/action_dispatch/middleware/request_id.rb:22:in `call'
  rack (1.4.1) lib/rack/methodoverride.rb:21:in `call'
  rack (1.4.1) lib/rack/runtime.rb:17:in `call'
  activesupport (3.2.8) lib/active_support/cache/strategy/local_cache.rb:72:in `call'
  rack (1.4.1) lib/rack/lock.rb:15:in `call'
  actionpack (3.2.8) lib/action_dispatch/middleware/static.rb:62:in `call'
  railties (3.2.8) lib/rails/engine.rb:479:in `call'
  railties (3.2.8) lib/rails/application.rb:223:in `call'
  rack (1.4.1) lib/rack/content_length.rb:14:in `call'
  railties (3.2.8) lib/rails/rack/log_tailer.rb:17:in `call'
  thin (1.5.0) lib/thin/connection.rb:81:in `block in pre_process'
  thin (1.5.0) lib/thin/connection.rb:79:in `catch'
  thin (1.5.0) lib/thin/connection.rb:79:in `pre_process'
  thin (1.5.0) lib/thin/connection.rb:54:in `process'
  thin (1.5.0) lib/thin/connection.rb:39:in `receive_data'
  eventmachine (1.0.0) lib/eventmachine.rb:187:in `run_machine'
  eventmachine (1.0.0) lib/eventmachine.rb:187:in `run'
  thin (1.5.0) lib/thin/backends/base.rb:63:in `start'
  thin (1.5.0) lib/thin/server.rb:159:in `start'
  rack (1.4.1) lib/rack/handler/thin.rb:13:in `run'
  rack (1.4.1) lib/rack/server.rb:265:in `start'
  railties (3.2.8) lib/rails/commands/server.rb:70:in `start'
  railties (3.2.8) lib/rails/commands.rb:55:in `block in <top (required)>'
  railties (3.2.8) lib/rails/commands.rb:50:in `tap'
  railties (3.2.8) lib/rails/commands.rb:50:in `<top (required)>'
  script/rails:6:in `require'
  script/rails:6:in `<main>'


  Rendered /Users/jeremy/.rvm/gems/ruby-2.0.0-p247@jeremywoertink/gems/actionpack-3.2.8/lib/action_dispatch/middleware/templates/rescues/routing_error.erb within rescues/layout (0.7ms)


Started GET "/" for 127.0.0.1 at 2013-12-17 10:30:23 -0800
Processing by SiteController#index as HTML
  Rendered site/index.html.haml within layouts/application (3.0ms)
Completed 200 OK in 7ms (Views: 6.7ms | ActiveRecord: 0.0ms)


Started GET "/assets/application.css?body=1" for 127.0.0.1 at 2013-12-17 10:30:23 -0800
Served asset /application.css - 304 Not Modified (0ms)


Started GET "/assets/application.js?body=1" for 127.0.0.1 at 2013-12-17 10:30:23 -0800
Served asset /application.js - 304 Not Modified (0ms)


Started GET "/" for 127.0.0.1 at 2013-12-17 10:31:13 -0800
Processing by SiteController#index as HTML
  Rendered site/index.html.haml within layouts/application (0.5ms)
Completed 200 OK in 4ms (Views: 3.6ms | ActiveRecord: 0.0ms)


Started GET "/assets/application.css?body=1" for 127.0.0.1 at 2013-12-17 10:31:13 -0800
Served asset /application.css - 304 Not Modified (0ms)


Started GET "/assets/application.js?body=1" for 127.0.0.1 at 2013-12-17 10:31:13 -0800
Served asset /application.js - 304 Not Modified (0ms)


Started GET "/" for 127.0.0.1 at 2013-12-17 10:38:27 -0800
Processing by SiteController#index as HTML
  Rendered site/index.html.haml within layouts/application (0.9ms)
Completed 200 OK in 4ms (Views: 4.1ms | ActiveRecord: 0.0ms)


Started GET "/assets/application.css?body=1" for 127.0.0.1 at 2013-12-17 10:38:27 -0800
Served asset /application.css - 304 Not Modified (0ms)


Started GET "/assets/application.js?body=1" for 127.0.0.1 at 2013-12-17 10:38:27 -0800
Served asset /application.js - 304 Not Modified (0ms)


Started GET "/" for 127.0.0.1 at 2013-12-17 10:40:11 -0800
Processing by SiteController#index as HTML
  Rendered site/index.html.haml within layouts/application (0.6ms)
Completed 200 OK in 4ms (Views: 3.5ms | ActiveRecord: 0.0ms)


Started GET "/assets/application.css?body=1" for 127.0.0.1 at 2013-12-17 10:40:11 -0800
Served asset /application.css - 304 Not Modified (0ms)


Started GET "/assets/application.js?body=1" for 127.0.0.1 at 2013-12-17 10:40:11 -0800
Served asset /application.js - 304 Not Modified (0ms)


Started GET "/" for 127.0.0.1 at 2013-12-17 10:46:19 -0800
Processing by SiteController#index as HTML
  Rendered site/index.html.haml within layouts/application (3.3ms)
Completed 200 OK in 8ms (Views: 7.7ms | ActiveRecord: 0.0ms)


Started GET "/assets/application.css?body=1" for 127.0.0.1 at 2013-12-17 10:46:19 -0800
Served asset /application.css - 304 Not Modified (0ms)


Started GET "/assets/application.js?body=1" for 127.0.0.1 at 2013-12-17 10:46:19 -0800
Served asset /application.js - 304 Not Modified (0ms)


Started GET "/" for 127.0.0.1 at 2013-12-17 10:47:10 -0800
Processing by SiteController#index as HTML
  Rendered site/index.html.haml within layouts/application (0.7ms)
Completed 200 OK in 4ms (Views: 4.2ms | ActiveRecord: 0.0ms)


Started GET "/assets/application.css?body=1" for 127.0.0.1 at 2013-12-17 10:47:10 -0800
Served asset /application.css - 304 Not Modified (0ms)


Started GET "/assets/application.js?body=1" for 127.0.0.1 at 2013-12-17 10:47:10 -0800
Served asset /application.js - 304 Not Modified (0ms)


Started GET "/" for 127.0.0.1 at 2013-12-17 10:48:15 -0800
Processing by SiteController#index as HTML
  Rendered site/index.html.haml within layouts/application (0.7ms)
Completed 200 OK in 4ms (Views: 3.9ms | ActiveRecord: 0.0ms)


Started GET "/assets/application.css?body=1" for 127.0.0.1 at 2013-12-17 10:48:15 -0800
Served asset /application.css - 304 Not Modified (0ms)


Started GET "/assets/application.js?body=1" for 127.0.0.1 at 2013-12-17 10:48:15 -0800
Served asset /application.js - 304 Not Modified (0ms)


Started GET "/" for 127.0.0.1 at 2013-12-17 10:49:49 -0800
Processing by SiteController#index as HTML
  Rendered site/index.html.haml within layouts/application (1.2ms)
Completed 200 OK in 6ms (Views: 5.8ms | ActiveRecord: 0.0ms)


Started GET "/assets/application.css?body=1" for 127.0.0.1 at 2013-12-17 10:49:49 -0800
Served asset /application.css - 304 Not Modified (0ms)


Started GET "/assets/application.js?body=1" for 127.0.0.1 at 2013-12-17 10:49:49 -0800
Served asset /application.js - 304 Not Modified (0ms)


Started GET "/" for 127.0.0.1 at 2013-12-17 11:58:16 -0800
Connecting to database specified by database.yml
Processing by SiteController#index as HTML
  Rendered site/index.html.haml within layouts/application (2.2ms)
Completed 200 OK in 37ms (Views: 37.2ms | ActiveRecord: 0.0ms)


Started GET "/assets/application.css?body=1" for 127.0.0.1 at 2013-12-17 11:58:16 -0800
Served asset /application.css - 304 Not Modified (1ms)


Started GET "/assets/application.js?body=1" for 127.0.0.1 at 2013-12-17 11:58:16 -0800
Served asset /application.js - 304 Not Modified (1ms)


Started GET "/" for 127.0.0.1 at 2013-12-17 11:58:41 -0800
Processing by SiteController#index as HTML
  Rendered site/index.html.haml within layouts/application (0.5ms)
Completed 200 OK in 3ms (Views: 3.1ms | ActiveRecord: 0.0ms)


Started GET "/assets/application.css?body=1" for 127.0.0.1 at 2013-12-17 11:58:41 -0800
Served asset /application.css - 304 Not Modified (0ms)


Started GET "/assets/application.js?body=1" for 127.0.0.1 at 2013-12-17 11:58:41 -0800
Served asset /application.js - 304 Not Modified (0ms)


Started GET "/" for 127.0.0.1 at 2013-12-17 11:58:52 -0800
Processing by SiteController#index as HTML
  Rendered site/index.html.haml within layouts/application (0.8ms)
Completed 200 OK in 5ms (Views: 4.8ms | ActiveRecord: 0.0ms)


Started GET "/assets/application.css?body=1" for 127.0.0.1 at 2013-12-17 11:58:52 -0800
Served asset /application.css - 304 Not Modified (0ms)


Started GET "/assets/application.js?body=1" for 127.0.0.1 at 2013-12-17 11:58:52 -0800
Served asset /application.js - 304 Not Modified (0ms)


Started GET "/" for 127.0.0.1 at 2013-12-17 12:02:49 -0800
Processing by SiteController#index as HTML
  Rendered site/index.html.haml within layouts/application (0.5ms)
Completed 200 OK in 3ms (Views: 3.1ms | ActiveRecord: 0.0ms)


Started GET "/assets/application.css?body=1" for 127.0.0.1 at 2013-12-17 12:02:49 -0800
Served asset /application.css - 304 Not Modified (0ms)


Started GET "/assets/application.js?body=1" for 127.0.0.1 at 2013-12-17 12:02:49 -0800
Served asset /application.js - 304 Not Modified (0ms)


Started GET "/" for 127.0.0.1 at 2013-12-17 12:06:03 -0800
Processing by SiteController#index as HTML
  Rendered site/index.html.haml within layouts/application (0.5ms)
Completed 200 OK in 3ms (Views: 3.1ms | ActiveRecord: 0.0ms)


Started GET "/assets/application.css?body=1" for 127.0.0.1 at 2013-12-17 12:06:03 -0800
Served asset /application.css - 304 Not Modified (0ms)


Started GET "/assets/application.js?body=1" for 127.0.0.1 at 2013-12-17 12:06:03 -0800
Served asset /application.js - 304 Not Modified (0ms)


Started GET "/" for 127.0.0.1 at 2013-12-17 12:07:44 -0800
Processing by SiteController#index as HTML
  Rendered site/index.html.haml within layouts/application (0.5ms)
Completed 200 OK in 3ms (Views: 3.3ms | ActiveRecord: 0.0ms)


Started GET "/assets/application.css?body=1" for 127.0.0.1 at 2013-12-17 12:07:44 -0800
Served asset /application.css - 304 Not Modified (0ms)


Started GET "/assets/application.js?body=1" for 127.0.0.1 at 2013-12-17 12:07:44 -0800
Served asset /application.js - 304 Not Modified (0ms)


Started GET "/" for 127.0.0.1 at 2013-12-17 12:09:02 -0800
Processing by SiteController#index as HTML
  Rendered site/index.html.haml within layouts/application (0.8ms)
Completed 200 OK in 6ms (Views: 5.5ms | ActiveRecord: 0.0ms)


Started GET "/assets/application.css?body=1" for 127.0.0.1 at 2013-12-17 12:09:03 -0800
Served asset /application.css - 304 Not Modified (0ms)


Started GET "/assets/application.js?body=1" for 127.0.0.1 at 2013-12-17 12:09:03 -0800
Served asset /application.js - 304 Not Modified (0ms)


Started GET "/" for 127.0.0.1 at 2013-12-17 12:10:01 -0800
Processing by SiteController#index as HTML
  Rendered site/index.html.haml within layouts/application (0.9ms)
Completed 200 OK in 4ms (Views: 4.3ms | ActiveRecord: 0.0ms)


Started GET "/assets/application.css?body=1" for 127.0.0.1 at 2013-12-17 12:10:01 -0800
Served asset /application.css - 304 Not Modified (0ms)


Started GET "/assets/application.js?body=1" for 127.0.0.1 at 2013-12-17 12:10:01 -0800
Served asset /application.js - 304 Not Modified (0ms)


Started GET "/" for 127.0.0.1 at 2013-12-17 12:10:43 -0800
Processing by SiteController#index as HTML
  Rendered site/index.html.haml within layouts/application (0.5ms)
Completed 200 OK in 4ms (Views: 3.5ms | ActiveRecord: 0.0ms)


Started GET "/assets/application.css?body=1" for 127.0.0.1 at 2013-12-17 12:10:43 -0800
Served asset /application.css - 304 Not Modified (0ms)


Started GET "/assets/application.js?body=1" for 127.0.0.1 at 2013-12-17 12:10:43 -0800
Served asset /application.js - 304 Not Modified (0ms)


Started GET "/" for 127.0.0.1 at 2013-12-17 12:24:23 -0800
Processing by SiteController#index as HTML
  Rendered site/index.html.haml within layouts/application (0.5ms)
Completed 200 OK in 4ms (Views: 3.7ms | ActiveRecord: 0.0ms)


Started GET "/assets/application.css?body=1" for 127.0.0.1 at 2013-12-17 12:24:23 -0800
Served asset /application.css - 304 Not Modified (0ms)


Started GET "/assets/application.js?body=1" for 127.0.0.1 at 2013-12-17 12:24:23 -0800
Served asset /application.js - 304 Not Modified (0ms)


Started GET "/" for 127.0.0.1 at 2013-12-17 12:25:51 -0800
Processing by SiteController#index as HTML
  Rendered site/index.html.haml within layouts/application (0.5ms)
Completed 200 OK in 3ms (Views: 3.0ms | ActiveRecord: 0.0ms)


Started GET "/assets/application.css?body=1" for 127.0.0.1 at 2013-12-17 12:25:52 -0800
Served asset /application.css - 304 Not Modified (0ms)


Started GET "/assets/application.js?body=1" for 127.0.0.1 at 2013-12-17 12:25:52 -0800
Served asset /application.js - 304 Not Modified (0ms)


Started GET "/" for 127.0.0.1 at 2013-12-17 12:27:09 -0800
Processing by SiteController#index as HTML
  Rendered site/index.html.haml within layouts/application (0.9ms)
Completed 200 OK in 4ms (Views: 4.0ms | ActiveRecord: 0.0ms)


Started GET "/assets/application.css?body=1" for 127.0.0.1 at 2013-12-17 12:27:09 -0800
Served asset /application.css - 304 Not Modified (0ms)


Started GET "/assets/application.js?body=1" for 127.0.0.1 at 2013-12-17 12:27:09 -0800
Served asset /application.js - 304 Not Modified (0ms)


Started GET "/" for 127.0.0.1 at 2013-12-17 12:29:14 -0800
Processing by SiteController#index as HTML
  Rendered site/index.html.haml within layouts/application (1.1ms)
Completed 200 OK in 6ms (Views: 6.1ms | ActiveRecord: 0.0ms)


Started GET "/assets/application.css?body=1" for 127.0.0.1 at 2013-12-17 12:29:15 -0800
Served asset /application.css - 304 Not Modified (0ms)


Started GET "/assets/application.js?body=1" for 127.0.0.1 at 2013-12-17 12:29:15 -0800
Served asset /application.js - 304 Not Modified (0ms)


Started GET "/" for 127.0.0.1 at 2013-12-17 12:33:06 -0800
Processing by SiteController#index as HTML
  Rendered site/index.html.haml within layouts/application (0.5ms)
Completed 200 OK in 4ms (Views: 3.5ms | ActiveRecord: 0.0ms)


Started GET "/assets/application.css?body=1" for 127.0.0.1 at 2013-12-17 12:33:06 -0800
Served asset /application.css - 304 Not Modified (0ms)


Started GET "/assets/application.js?body=1" for 127.0.0.1 at 2013-12-17 12:33:06 -0800
Served asset /application.js - 304 Not Modified (0ms)


Started GET "/" for 127.0.0.1 at 2013-12-17 12:37:41 -0800
Processing by SiteController#index as HTML
  Rendered site/index.html.haml within layouts/application (0.7ms)
Completed 200 OK in 4ms (Views: 3.9ms | ActiveRecord: 0.0ms)


Started GET "/assets/application.css?body=1" for 127.0.0.1 at 2013-12-17 12:37:41 -0800
Served asset /application.css - 304 Not Modified (0ms)


Started GET "/assets/application.js?body=1" for 127.0.0.1 at 2013-12-17 12:37:41 -0800
Served asset /application.js - 304 Not Modified (0ms)


Started GET "/" for 127.0.0.1 at 2013-12-17 12:40:08 -0800
Processing by SiteController#index as HTML
  Rendered site/index.html.haml within layouts/application (0.5ms)
Completed 200 OK in 3ms (Views: 3.3ms | ActiveRecord: 0.0ms)


Started GET "/assets/application.css?body=1" for 127.0.0.1 at 2013-12-17 12:40:08 -0800
Served asset /application.css - 304 Not Modified (0ms)


Started GET "/assets/application.js?body=1" for 127.0.0.1 at 2013-12-17 12:40:08 -0800
Served asset /application.js - 304 Not Modified (0ms)


Started GET "/" for 127.0.0.1 at 2013-12-17 12:43:36 -0800
Processing by SiteController#index as HTML
  Rendered site/index.html.haml within layouts/application (0.6ms)
Completed 200 OK in 5ms (Views: 4.2ms | ActiveRecord: 0.0ms)


Started GET "/assets/application.css?body=1" for 127.0.0.1 at 2013-12-17 12:43:36 -0800
Served asset /application.css - 304 Not Modified (0ms)


Started GET "/assets/application.js?body=1" for 127.0.0.1 at 2013-12-17 12:43:36 -0800
Served asset /application.js - 304 Not Modified (0ms)


Started GET "/" for 127.0.0.1 at 2013-12-17 12:52:13 -0800
Processing by SiteController#index as HTML
  Rendered site/index.html.haml within layouts/application (0.5ms)
Completed 200 OK in 4ms (Views: 3.4ms | ActiveRecord: 0.0ms)


Started GET "/assets/application.css?body=1" for 127.0.0.1 at 2013-12-17 12:52:14 -0800
Served asset /application.css - 304 Not Modified (0ms)


Started GET "/assets/application.js?body=1" for 127.0.0.1 at 2013-12-17 12:52:14 -0800
Served asset /application.js - 304 Not Modified (0ms)


Started GET "/" for 127.0.0.1 at 2013-12-17 12:56:37 -0800
Processing by SiteController#index as HTML
  Rendered site/index.html.haml within layouts/application (1.0ms)
Completed 200 OK in 4ms (Views: 4.2ms | ActiveRecord: 0.0ms)


Started GET "/assets/application.css?body=1" for 127.0.0.1 at 2013-12-17 12:56:37 -0800
Served asset /application.css - 304 Not Modified (0ms)


Started GET "/assets/application.js?body=1" for 127.0.0.1 at 2013-12-17 12:56:37 -0800
Served asset /application.js - 304 Not Modified (0ms)


Started GET "/" for 127.0.0.1 at 2013-12-17 13:05:33 -0800
Processing by SiteController#index as HTML
  Rendered site/index.html.haml within layouts/application (0.7ms)
Completed 200 OK in 5ms (Views: 5.1ms | ActiveRecord: 0.0ms)


Started GET "/assets/application.css?body=1" for 127.0.0.1 at 2013-12-17 13:05:33 -0800
Served asset /application.css - 304 Not Modified (0ms)


Started GET "/assets/application.js?body=1" for 127.0.0.1 at 2013-12-17 13:05:33 -0800
Served asset /application.js - 304 Not Modified (0ms)


Started GET "/" for 127.0.0.1 at 2013-12-17 16:23:50 -0800
Connecting to database specified by database.yml
Processing by SiteController#index as HTML
Compiled sandbox.js  (0ms)  (pid 20108)
  Rendered site/index.html.haml within layouts/application (7.8ms)
Completed 200 OK in 43ms (Views: 42.5ms | ActiveRecord: 0.0ms)


Started GET "/assets/application.css?body=1" for 127.0.0.1 at 2013-12-17 16:23:50 -0800
Served asset /application.css - 304 Not Modified (1ms)


Started GET "/assets/sandbox.js?body=1" for 127.0.0.1 at 2013-12-17 16:23:50 -0800
Served asset /sandbox.js - 200 OK (1ms)


Started GET "/assets/application.js?body=1" for 127.0.0.1 at 2013-12-17 16:23:50 -0800
Served asset /application.js - 304 Not Modified (1ms)


Started GET "/" for 127.0.0.1 at 2013-12-17 16:24:18 -0800
Processing by SiteController#index as HTML
Compiled sandbox.js  (0ms)  (pid 20108)
  Rendered site/index.html.haml within layouts/application (6.0ms)
Completed 200 OK in 9ms (Views: 9.1ms | ActiveRecord: 0.0ms)


Started GET "/assets/application.css?body=1" for 127.0.0.1 at 2013-12-17 16:24:19 -0800
Served asset /application.css - 304 Not Modified (0ms)


Started GET "/assets/sandbox.js?body=1" for 127.0.0.1 at 2013-12-17 16:24:19 -0800
Served asset /sandbox.js - 200 OK (1ms)


Started GET "/assets/application.js?body=1" for 127.0.0.1 at 2013-12-17 16:24:19 -0800
Served asset /application.js - 304 Not Modified (0ms)


Started GET "/" for 127.0.0.1 at 2013-12-17 16:24:55 -0800
Processing by SiteController#index as HTML
Compiled sandbox.js  (0ms)  (pid 20108)
  Rendered site/index.html.haml within layouts/application (6.8ms)
Completed 200 OK in 10ms (Views: 9.9ms | ActiveRecord: 0.0ms)


Started GET "/assets/application.css?body=1" for 127.0.0.1 at 2013-12-17 16:24:55 -0800
Served asset /application.css - 304 Not Modified (0ms)


Started GET "/assets/sandbox.js?body=1" for 127.0.0.1 at 2013-12-17 16:24:55 -0800
Served asset /sandbox.js - 200 OK (1ms)


Started GET "/assets/application.js?body=1" for 127.0.0.1 at 2013-12-17 16:24:55 -0800
Served asset /application.js - 304 Not Modified (0ms)


Started GET "/" for 127.0.0.1 at 2013-12-17 16:25:32 -0800
Processing by SiteController#index as HTML
Compiled sandbox.js  (0ms)  (pid 20108)
  Rendered site/index.html.haml within layouts/application (6.1ms)
Completed 200 OK in 9ms (Views: 8.9ms | ActiveRecord: 0.0ms)


Started GET "/assets/application.css?body=1" for 127.0.0.1 at 2013-12-17 16:25:32 -0800
Served asset /application.css - 304 Not Modified (0ms)


Started GET "/assets/sandbox.js?body=1" for 127.0.0.1 at 2013-12-17 16:25:32 -0800
Served asset /sandbox.js - 200 OK (1ms)


Started GET "/assets/application.js?body=1" for 127.0.0.1 at 2013-12-17 16:25:32 -0800
Served asset /application.js - 304 Not Modified (0ms)


Started GET "/" for 127.0.0.1 at 2013-12-17 16:25:49 -0800
Processing by SiteController#index as HTML
Compiled sandbox.js  (0ms)  (pid 20108)
  Rendered site/index.html.haml within layouts/application (6.6ms)
Completed 200 OK in 10ms (Views: 9.8ms | ActiveRecord: 0.0ms)


Started GET "/assets/application.css?body=1" for 127.0.0.1 at 2013-12-17 16:25:49 -0800
Served asset /application.css - 304 Not Modified (0ms)


Started GET "/assets/sandbox.js?body=1" for 127.0.0.1 at 2013-12-17 16:25:49 -0800
Served asset /sandbox.js - 200 OK (1ms)


Started GET "/assets/application.js?body=1" for 127.0.0.1 at 2013-12-17 16:25:49 -0800
Served asset /application.js - 304 Not Modified (0ms)


Started GET "/" for 127.0.0.1 at 2013-12-17 16:35:16 -0800
Connecting to database specified by database.yml
Processing by SiteController#index as HTML
Compiled sandbox.js  (0ms)  (pid 20737)
  Rendered site/index.html.haml within layouts/application (7.6ms)
Completed 200 OK in 41ms (Views: 40.4ms | ActiveRecord: 0.0ms)


Started GET "/assets/application.css?body=1" for 127.0.0.1 at 2013-12-17 16:35:16 -0800
Served asset /application.css - 304 Not Modified (1ms)


Started GET "/assets/sandbox.js?body=1" for 127.0.0.1 at 2013-12-17 16:35:16 -0800
Served asset /sandbox.js - 200 OK (0ms)


Started GET "/assets/application.js?body=1" for 127.0.0.1 at 2013-12-17 16:35:16 -0800
Served asset /application.js - 304 Not Modified (1ms)


Started GET "/" for 127.0.0.1 at 2013-12-17 16:37:15 -0800
Processing by SiteController#index as HTML
Compiled sandbox.js  (0ms)  (pid 20737)
  Rendered site/index.html.haml within layouts/application (5.0ms)
Completed 200 OK in 8ms (Views: 7.7ms | ActiveRecord: 0.0ms)


Started GET "/assets/application.css?body=1" for 127.0.0.1 at 2013-12-17 16:37:15 -0800
Served asset /application.css - 304 Not Modified (0ms)


Started GET "/assets/sandbox.js?body=1" for 127.0.0.1 at 2013-12-17 16:37:15 -0800
Served asset /sandbox.js - 200 OK (1ms)


Started GET "/assets/application.js?body=1" for 127.0.0.1 at 2013-12-17 16:37:15 -0800
Served asset /application.js - 304 Not Modified (0ms)


Started GET "/" for 127.0.0.1 at 2013-12-17 16:37:34 -0800
Processing by SiteController#index as HTML
Compiled sandbox.js  (0ms)  (pid 20737)
  Rendered site/index.html.haml within layouts/application (7.1ms)
Completed 200 OK in 11ms (Views: 11.2ms | ActiveRecord: 0.0ms)


Started GET "/assets/application.css?body=1" for 127.0.0.1 at 2013-12-17 16:37:34 -0800
Served asset /application.css - 304 Not Modified (0ms)


Started GET "/assets/sandbox.js?body=1" for 127.0.0.1 at 2013-12-17 16:37:34 -0800
Served asset /sandbox.js - 200 OK (2ms)


Started GET "/assets/application.js?body=1" for 127.0.0.1 at 2013-12-17 16:37:35 -0800
Served asset /application.js - 304 Not Modified (0ms)


Started GET "/" for 127.0.0.1 at 2013-12-17 16:43:15 -0800
Processing by SiteController#index as HTML
Compiled sandbox.js  (0ms)  (pid 20737)
  Rendered site/index.html.haml within layouts/application (5.4ms)
Completed 200 OK in 8ms (Views: 8.0ms | ActiveRecord: 0.0ms)


Started GET "/assets/application.css?body=1" for 127.0.0.1 at 2013-12-17 16:43:15 -0800
Served asset /application.css - 304 Not Modified (0ms)


Started GET "/assets/sandbox.js?body=1" for 127.0.0.1 at 2013-12-17 16:43:15 -0800
Served asset /sandbox.js - 200 OK (1ms)


Started GET "/assets/application.js?body=1" for 127.0.0.1 at 2013-12-17 16:43:15 -0800
Served asset /application.js - 304 Not Modified (0ms)


Started GET "/" for 127.0.0.1 at 2013-12-17 18:10:51 -0800
Processing by SiteController#index as HTML
Compiled sandbox.js  (0ms)  (pid 20737)
  Rendered site/index.html.haml within layouts/application (5.3ms)
Completed 200 OK in 9ms (Views: 9.1ms | ActiveRecord: 0.0ms)


Started GET "/assets/application.css?body=1" for 127.0.0.1 at 2013-12-17 18:10:51 -0800
Served asset /application.css - 304 Not Modified (0ms)


Started GET "/assets/sandbox.js?body=1" for 127.0.0.1 at 2013-12-17 18:10:51 -0800
Served asset /sandbox.js - 200 OK (1ms)


Started GET "/assets/application.js?body=1" for 127.0.0.1 at 2013-12-17 18:10:51 -0800
Served asset /application.js - 304 Not Modified (0ms)


Started GET "/" for 127.0.0.1 at 2013-12-19 13:15:36 -0800
Connecting to database specified by database.yml
Processing by SiteController#index as HTML
Compiled sandbox.js  (0ms)  (pid 3383)
  Rendered site/index.html.haml within layouts/application (9.5ms)
Completed 200 OK in 53ms (Views: 52.9ms | ActiveRecord: 0.0ms)


Started GET "/assets/application.css?body=1" for 127.0.0.1 at 2013-12-19 13:15:37 -0800
Served asset /application.css - 200 OK (2ms)


Started GET "/assets/sandbox.js?body=1" for 127.0.0.1 at 2013-12-19 13:15:37 -0800
Served asset /sandbox.js - 200 OK (1ms)


Started GET "/assets/application.js?body=1" for 127.0.0.1 at 2013-12-19 13:15:37 -0800
Served asset /application.js - 200 OK (1ms)


Started GET "/" for 127.0.0.1 at 2013-12-19 13:28:23 -0800
Processing by SiteController#index as HTML
  Rendered site/index.html.haml within layouts/application (1.1ms)
Completed 200 OK in 4ms (Views: 4.1ms | ActiveRecord: 0.0ms)


Started GET "/assets/application.css?body=1" for 127.0.0.1 at 2013-12-19 13:28:23 -0800
Served asset /application.css - 304 Not Modified (0ms)


Started GET "/assets/sandbox.js?body=1" for 127.0.0.1 at 2013-12-19 13:28:23 -0800
Served asset /sandbox.js - 304 Not Modified (0ms)


Started GET "/assets/application.js?body=1" for 127.0.0.1 at 2013-12-19 13:28:23 -0800
Served asset /application.js - 304 Not Modified (0ms)


Started GET "/" for 127.0.0.1 at 2013-12-19 13:36:24 -0800
Processing by SiteController#index as HTML
  Rendered site/index.html.haml within layouts/application (1.7ms)
Completed 200 OK in 5ms (Views: 4.9ms | ActiveRecord: 0.0ms)


Started GET "/assets/application.css?body=1" for 127.0.0.1 at 2013-12-19 13:36:24 -0800
Served asset /application.css - 304 Not Modified (0ms)


Started GET "/assets/sandbox.js?body=1" for 127.0.0.1 at 2013-12-19 13:36:24 -0800
Served asset /sandbox.js - 304 Not Modified (0ms)


Started GET "/assets/application.js?body=1" for 127.0.0.1 at 2013-12-19 13:36:24 -0800
Served asset /application.js - 304 Not Modified (0ms)


Started GET "/" for 127.0.0.1 at 2013-12-19 13:50:11 -0800
Processing by SiteController#index as HTML
  Rendered site/index.html.haml within layouts/application (1.0ms)
Completed 200 OK in 4ms (Views: 3.7ms | ActiveRecord: 0.0ms)


Started GET "/assets/application.css?body=1" for 127.0.0.1 at 2013-12-19 13:50:11 -0800
Served asset /application.css - 304 Not Modified (0ms)


Started GET "/assets/sandbox.js?body=1" for 127.0.0.1 at 2013-12-19 13:50:11 -0800
Served asset /sandbox.js - 304 Not Modified (0ms)


Started GET "/assets/application.js?body=1" for 127.0.0.1 at 2013-12-19 13:50:11 -0800
Served asset /application.js - 304 Not Modified (0ms)


Started GET "/" for 127.0.0.1 at 2013-12-19 13:52:48 -0800
Processing by SiteController#index as HTML
  Rendered site/index.html.haml within layouts/application (0.9ms)
Completed 200 OK in 4ms (Views: 3.5ms | ActiveRecord: 0.0ms)


Started GET "/assets/application.css?body=1" for 127.0.0.1 at 2013-12-19 13:52:48 -0800
Served asset /application.css - 200 OK (0ms)


Started GET "/assets/sandbox.js?body=1" for 127.0.0.1 at 2013-12-19 13:52:48 -0800
Served asset /sandbox.js - 200 OK (0ms)


Started GET "/assets/application.js?body=1" for 127.0.0.1 at 2013-12-19 13:52:48 -0800
Served asset /application.js - 200 OK (0ms)


Started GET "/" for 127.0.0.1 at 2013-12-19 13:53:20 -0800
Processing by SiteController#index as HTML
  Rendered site/index.html.haml within layouts/application (1.3ms)
Completed 200 OK in 4ms (Views: 4.2ms | ActiveRecord: 0.0ms)


Started GET "/assets/application.css?body=1" for 127.0.0.1 at 2013-12-19 13:53:20 -0800
Served asset /application.css - 304 Not Modified (0ms)


Started GET "/assets/sandbox.js?body=1" for 127.0.0.1 at 2013-12-19 13:53:20 -0800
Served asset /sandbox.js - 304 Not Modified (0ms)


Started GET "/assets/application.js?body=1" for 127.0.0.1 at 2013-12-19 13:53:20 -0800
Served asset /application.js - 304 Not Modified (0ms)


Started GET "/" for 127.0.0.1 at 2013-12-19 13:56:03 -0800
Processing by SiteController#index as HTML
  Rendered site/index.html.haml within layouts/application (1.6ms)
Completed 200 OK in 7ms (Views: 6.4ms | ActiveRecord: 0.0ms)


Started GET "/assets/application.css?body=1" for 127.0.0.1 at 2013-12-19 13:56:03 -0800
Served asset /application.css - 304 Not Modified (0ms)


Started GET "/assets/sandbox.js?body=1" for 127.0.0.1 at 2013-12-19 13:56:03 -0800
Served asset /sandbox.js - 304 Not Modified (0ms)


Started GET "/assets/application.js?body=1" for 127.0.0.1 at 2013-12-19 13:56:03 -0800
Served asset /application.js - 304 Not Modified (0ms)


Started GET "/" for 127.0.0.1 at 2013-12-20 10:31:40 -0800
Connecting to database specified by database.yml
Processing by SiteController#index as HTML
  Rendered site/index.html.haml within layouts/application (5.3ms)
Completed 200 OK in 41ms (Views: 41.1ms | ActiveRecord: 0.0ms)


Started GET "/assets/application.css?body=1" for 127.0.0.1 at 2013-12-20 10:31:41 -0800
Served asset /application.css - 304 Not Modified (2ms)


Started GET "/assets/sandbox.js?body=1" for 127.0.0.1 at 2013-12-20 10:31:41 -0800
Served asset /sandbox.js - 304 Not Modified (1ms)


Started GET "/assets/application.js?body=1" for 127.0.0.1 at 2013-12-20 10:31:41 -0800
Served asset /application.js - 304 Not Modified (1ms)


Started GET "/" for 127.0.0.1 at 2013-12-20 10:36:06 -0800
Processing by SiteController#index as HTML
  Rendered site/index.html.haml within layouts/application (1.1ms)
Completed 200 OK in 5ms (Views: 4.4ms | ActiveRecord: 0.0ms)


Started GET "/assets/application.css?body=1" for 127.0.0.1 at 2013-12-20 10:36:07 -0800
Served asset /application.css - 304 Not Modified (0ms)


Started GET "/assets/sandbox.js?body=1" for 127.0.0.1 at 2013-12-20 10:36:07 -0800
Served asset /sandbox.js - 304 Not Modified (0ms)


Started GET "/assets/application.js?body=1" for 127.0.0.1 at 2013-12-20 10:36:07 -0800
Served asset /application.js - 304 Not Modified (0ms)


Started GET "/" for 127.0.0.1 at 2013-12-20 10:45:05 -0800
Processing by SiteController#index as HTML
  Rendered site/index.html.haml within layouts/application (1.2ms)
Completed 200 OK in 5ms (Views: 4.4ms | ActiveRecord: 0.0ms)


Started GET "/assets/application.css?body=1" for 127.0.0.1 at 2013-12-20 10:45:05 -0800
Served asset /application.css - 304 Not Modified (0ms)


Started GET "/assets/sandbox.js?body=1" for 127.0.0.1 at 2013-12-20 10:45:05 -0800
Served asset /sandbox.js - 304 Not Modified (0ms)


Started GET "/assets/application.js?body=1" for 127.0.0.1 at 2013-12-20 10:45:05 -0800
Served asset /application.js - 304 Not Modified (0ms)


Started GET "/" for 127.0.0.1 at 2013-12-20 10:51:06 -0800
Connecting to database specified by database.yml
Processing by SiteController#index as HTML
Compiled sandbox.js  (0ms)  (pid 7284)
  Rendered site/index.html.haml within layouts/application (10.2ms)
Completed 200 OK in 60ms (Views: 59.1ms | ActiveRecord: 0.0ms)


Started GET "/assets/application.css?body=1" for 127.0.0.1 at 2013-12-20 10:51:07 -0800
Served asset /application.css - 200 OK (2ms)


Started GET "/assets/sandbox.js?body=1" for 127.0.0.1 at 2013-12-20 10:51:07 -0800
Served asset /sandbox.js - 200 OK (2ms)


Started GET "/assets/application.js?body=1" for 127.0.0.1 at 2013-12-20 10:51:07 -0800
Served asset /application.js - 200 OK (1ms)


Started GET "/" for 127.0.0.1 at 2013-12-20 10:51:44 -0800
Processing by SiteController#index as HTML
  Rendered site/index.html.haml within layouts/application (1.1ms)
Completed 200 OK in 5ms (Views: 4.3ms | ActiveRecord: 0.0ms)


Started GET "/assets/application.css?body=1" for 127.0.0.1 at 2013-12-20 10:51:44 -0800
Served asset /application.css - 304 Not Modified (0ms)


Started GET "/assets/sandbox.js?body=1" for 127.0.0.1 at 2013-12-20 10:51:44 -0800
Served asset /sandbox.js - 304 Not Modified (0ms)


Started GET "/assets/application.js?body=1" for 127.0.0.1 at 2013-12-20 10:51:44 -0800
Served asset /application.js - 304 Not Modified (0ms)


Started GET "/" for 127.0.0.1 at 2013-12-20 10:52:04 -0800
Processing by SiteController#index as HTML
Compiled sandbox.js  (0ms)  (pid 7284)
  Rendered site/index.html.haml within layouts/application (5.4ms)
Completed 200 OK in 8ms (Views: 8.1ms | ActiveRecord: 0.0ms)


Started GET "/assets/application.css?body=1" for 127.0.0.1 at 2013-12-20 10:52:04 -0800
Served asset /application.css - 304 Not Modified (0ms)


Started GET "/assets/sandbox.js?body=1" for 127.0.0.1 at 2013-12-20 10:52:04 -0800
Served asset /sandbox.js - 200 OK (1ms)


Started GET "/assets/application.js?body=1" for 127.0.0.1 at 2013-12-20 10:52:04 -0800
Served asset /application.js - 304 Not Modified (0ms)


Started GET "/" for 127.0.0.1 at 2013-12-20 10:52:20 -0800
Processing by SiteController#index as HTML
Compiled sandbox.js  (0ms)  (pid 7284)
  Rendered site/index.html.haml within layouts/application (6.9ms)
Completed 200 OK in 11ms (Views: 11.1ms | ActiveRecord: 0.0ms)


Started GET "/assets/application.css?body=1" for 127.0.0.1 at 2013-12-20 10:52:20 -0800
Served asset /application.css - 304 Not Modified (0ms)


Started GET "/assets/sandbox.js?body=1" for 127.0.0.1 at 2013-12-20 10:52:20 -0800
Served asset /sandbox.js - 200 OK (1ms)


Started GET "/assets/application.js?body=1" for 127.0.0.1 at 2013-12-20 10:52:20 -0800
Served asset /application.js - 304 Not Modified (0ms)


Started GET "/" for 127.0.0.1 at 2013-12-20 11:46:35 -0800
Connecting to database specified by database.yml
Processing by SiteController#index as HTML
Compiled sandbox.js  (0ms)  (pid 8059)
  Rendered site/index.html.haml within layouts/application (7.7ms)
Completed 200 OK in 44ms (Views: 43.5ms | ActiveRecord: 0.0ms)


Started GET "/assets/application.css?body=1" for 127.0.0.1 at 2013-12-20 11:46:35 -0800
Served asset /application.css - 304 Not Modified (1ms)


Started GET "/assets/sandbox.js?body=1" for 127.0.0.1 at 2013-12-20 11:46:35 -0800
Served asset /sandbox.js - 304 Not Modified (1ms)


Started GET "/assets/application.js?body=1" for 127.0.0.1 at 2013-12-20 11:46:36 -0800
Served asset /application.js - 304 Not Modified (1ms)


Started GET "/" for 127.0.0.1 at 2013-12-20 11:47:37 -0800
Processing by SiteController#index as HTML
  Rendered site/index.html.haml within layouts/application (1.1ms)
Completed 200 OK in 5ms (Views: 4.9ms | ActiveRecord: 0.0ms)


Started GET "/assets/application.css?body=1" for 127.0.0.1 at 2013-12-20 11:47:37 -0800
Served asset /application.css - 304 Not Modified (0ms)


Started GET "/assets/sandbox.js?body=1" for 127.0.0.1 at 2013-12-20 11:47:37 -0800
Served asset /sandbox.js - 304 Not Modified (0ms)


Started GET "/assets/application.js?body=1" for 127.0.0.1 at 2013-12-20 11:47:37 -0800
Served asset /application.js - 304 Not Modified (0ms)


Started GET "/" for 127.0.0.1 at 2013-12-20 11:47:42 -0800
Processing by SiteController#index as HTML
  Rendered site/index.html.haml within layouts/application (1.4ms)
Completed 200 OK in 4ms (Views: 4.3ms | ActiveRecord: 0.0ms)


Started GET "/assets/application.css?body=1" for 127.0.0.1 at 2013-12-20 11:47:42 -0800
Served asset /application.css - 304 Not Modified (0ms)


Started GET "/assets/sandbox.js?body=1" for 127.0.0.1 at 2013-12-20 11:47:42 -0800
Served asset /sandbox.js - 304 Not Modified (0ms)


Started GET "/assets/application.js?body=1" for 127.0.0.1 at 2013-12-20 11:47:42 -0800
Served asset /application.js - 304 Not Modified (0ms)


Started GET "/" for 127.0.0.1 at 2013-12-20 11:48:04 -0800
Processing by SiteController#index as HTML
  Rendered site/index.html.haml within layouts/application (1.3ms)
Completed 200 OK in 4ms (Views: 4.2ms | ActiveRecord: 0.0ms)


Started GET "/assets/application.css?body=1" for 127.0.0.1 at 2013-12-20 11:48:05 -0800
Served asset /application.css - 304 Not Modified (0ms)


Started GET "/assets/sandbox.js?body=1" for 127.0.0.1 at 2013-12-20 11:48:05 -0800
Served asset /sandbox.js - 304 Not Modified (0ms)


Started GET "/assets/application.js?body=1" for 127.0.0.1 at 2013-12-20 11:48:05 -0800
Served asset /application.js - 304 Not Modified (0ms)


Started GET "/" for 127.0.0.1 at 2014-01-07 13:54:38 -0800
Connecting to database specified by database.yml
Processing by SiteController#index as HTML
  Rendered site/index.html.haml within layouts/application (7.2ms)
Completed 200 OK in 45ms (Views: 45.1ms | ActiveRecord: 0.0ms)


Started GET "/assets/application.css?body=1" for 127.0.0.1 at 2014-01-07 13:54:39 -0800
Served asset /application.css - 200 OK (1ms)


Started GET "/assets/sandbox.js?body=1" for 127.0.0.1 at 2014-01-07 13:54:39 -0800
Served asset /sandbox.js - 200 OK (1ms)


Started GET "/assets/application.js?body=1" for 127.0.0.1 at 2014-01-07 13:54:39 -0800
Served asset /application.js - 200 OK (1ms)


Started GET "/" for 127.0.0.1 at 2014-01-07 13:55:21 -0800
Processing by SiteController#index as HTML
Compiled sandbox.js  (0ms)  (pid 15325)
  Rendered site/index.html.haml within layouts/application (6.8ms)
Completed 200 OK in 10ms (Views: 9.4ms | ActiveRecord: 0.0ms)


Started GET "/assets/application.css?body=1" for 127.0.0.1 at 2014-01-07 13:55:21 -0800
Served asset /application.css - 304 Not Modified (0ms)


Started GET "/assets/sandbox.js?body=1" for 127.0.0.1 at 2014-01-07 13:55:21 -0800
Served asset /sandbox.js - 200 OK (1ms)


Started GET "/assets/application.js?body=1" for 127.0.0.1 at 2014-01-07 13:55:21 -0800
Served asset /application.js - 304 Not Modified (0ms)


Started GET "/" for 127.0.0.1 at 2014-01-07 13:55:27 -0800
Processing by SiteController#index as HTML
Compiled sandbox.js  (0ms)  (pid 15325)
  Rendered site/index.html.haml within layouts/application (7.8ms)
Completed 200 OK in 12ms (Views: 11.9ms | ActiveRecord: 0.0ms)


Started GET "/assets/application.css?body=1" for 127.0.0.1 at 2014-01-07 13:55:27 -0800
Served asset /application.css - 304 Not Modified (0ms)


Started GET "/assets/sandbox.js?body=1" for 127.0.0.1 at 2014-01-07 13:55:27 -0800
Served asset /sandbox.js - 200 OK (1ms)


Started GET "/assets/application.js?body=1" for 127.0.0.1 at 2014-01-07 13:55:27 -0800
Served asset /application.js - 304 Not Modified (0ms)


Started GET "/" for 127.0.0.1 at 2014-01-07 13:58:18 -0800
Processing by SiteController#index as HTML
Compiled sandbox.js  (0ms)  (pid 15325)
  Rendered site/index.html.haml within layouts/application (5.1ms)
Completed 200 OK in 8ms (Views: 8.0ms | ActiveRecord: 0.0ms)


Started GET "/assets/application.css?body=1" for 127.0.0.1 at 2014-01-07 13:58:18 -0800
Served asset /application.css - 304 Not Modified (0ms)


Started GET "/assets/sandbox.js?body=1" for 127.0.0.1 at 2014-01-07 13:58:18 -0800
Served asset /sandbox.js - 200 OK (1ms)


Started GET "/assets/application.js?body=1" for 127.0.0.1 at 2014-01-07 13:58:18 -0800
Served asset /application.js - 304 Not Modified (0ms)


Started GET "/" for 127.0.0.1 at 2014-01-07 13:58:21 -0800
Processing by SiteController#index as HTML
  Rendered site/index.html.haml within layouts/application (1.4ms)
Completed 200 OK in 6ms (Views: 5.4ms | ActiveRecord: 0.0ms)


Started GET "/assets/application.css?body=1" for 127.0.0.1 at 2014-01-07 13:58:21 -0800
Served asset /application.css - 304 Not Modified (0ms)


Started GET "/assets/sandbox.js?body=1" for 127.0.0.1 at 2014-01-07 13:58:21 -0800
Served asset /sandbox.js - 304 Not Modified (0ms)


Started GET "/assets/application.js?body=1" for 127.0.0.1 at 2014-01-07 13:58:21 -0800
Served asset /application.js - 304 Not Modified (0ms)


Started GET "/" for 127.0.0.1 at 2014-01-07 13:59:37 -0800
Processing by SiteController#index as HTML
Compiled sandbox.js  (0ms)  (pid 15325)
  Rendered site/index.html.haml within layouts/application (4.8ms)
Completed 200 OK in 8ms (Views: 7.4ms | ActiveRecord: 0.0ms)


Started GET "/assets/application.css?body=1" for 127.0.0.1 at 2014-01-07 13:59:37 -0800
Served asset /application.css - 304 Not Modified (0ms)


Started GET "/assets/sandbox.js?body=1" for 127.0.0.1 at 2014-01-07 13:59:37 -0800
Served asset /sandbox.js - 200 OK (1ms)


Started GET "/assets/application.js?body=1" for 127.0.0.1 at 2014-01-07 13:59:37 -0800
Served asset /application.js - 304 Not Modified (0ms)


Started GET "/" for 127.0.0.1 at 2014-01-07 13:59:53 -0800
Processing by SiteController#index as HTML
Compiled sandbox.js  (0ms)  (pid 15325)
  Rendered site/index.html.haml within layouts/application (6.4ms)
Completed 200 OK in 11ms (Views: 10.5ms | ActiveRecord: 0.0ms)


Started GET "/assets/application.css?body=1" for 127.0.0.1 at 2014-01-07 13:59:53 -0800
Served asset /application.css - 304 Not Modified (0ms)


Started GET "/assets/sandbox.js?body=1" for 127.0.0.1 at 2014-01-07 13:59:53 -0800
Served asset /sandbox.js - 200 OK (1ms)


Started GET "/assets/application.js?body=1" for 127.0.0.1 at 2014-01-07 13:59:53 -0800
Served asset /application.js - 304 Not Modified (0ms)


Started GET "/" for 127.0.0.1 at 2014-01-07 14:00:45 -0800
Processing by SiteController#index as HTML
Compiled sandbox.js  (0ms)  (pid 15325)
  Rendered site/index.html.haml within layouts/application (4.8ms)
Completed 200 OK in 8ms (Views: 7.4ms | ActiveRecord: 0.0ms)


Started GET "/assets/application.css?body=1" for 127.0.0.1 at 2014-01-07 14:00:45 -0800
Served asset /application.css - 304 Not Modified (0ms)


Started GET "/assets/sandbox.js?body=1" for 127.0.0.1 at 2014-01-07 14:00:45 -0800
Served asset /sandbox.js - 200 OK (1ms)


Started GET "/assets/application.js?body=1" for 127.0.0.1 at 2014-01-07 14:00:45 -0800
Served asset /application.js - 304 Not Modified (0ms)


Started GET "/" for 127.0.0.1 at 2014-01-07 14:14:53 -0800
Processing by SiteController#index as HTML
Compiled sandbox.js  (0ms)  (pid 15325)
  Rendered site/index.html.haml within layouts/application (6.7ms)
Completed 200 OK in 10ms (Views: 9.9ms | ActiveRecord: 0.0ms)


Started GET "/assets/application.css?body=1" for 127.0.0.1 at 2014-01-07 14:14:53 -0800
Served asset /application.css - 304 Not Modified (0ms)


Started GET "/assets/sandbox.js?body=1" for 127.0.0.1 at 2014-01-07 14:14:53 -0800
Served asset /sandbox.js - 200 OK (1ms)


Started GET "/assets/application.js?body=1" for 127.0.0.1 at 2014-01-07 14:14:53 -0800
Served asset /application.js - 304 Not Modified (0ms)


Started GET "/" for 127.0.0.1 at 2014-01-14 09:17:15 -0800
Connecting to database specified by database.yml
Processing by SiteController#index as HTML
Compiled sandbox.js  (0ms)  (pid 43836)
  Rendered site/index.html.haml within layouts/application (10.2ms)
Completed 200 OK in 48ms (Views: 47.7ms | ActiveRecord: 0.0ms)


Started GET "/assets/application.css?body=1" for 127.0.0.1 at 2014-01-14 09:17:16 -0800
Served asset /application.css - 200 OK (1ms)


Started GET "/assets/sandbox.js?body=1" for 127.0.0.1 at 2014-01-14 09:17:16 -0800
Served asset /sandbox.js - 200 OK (1ms)


Started GET "/assets/application.js?body=1" for 127.0.0.1 at 2014-01-14 09:17:16 -0800
Served asset /application.js - 200 OK (1ms)


Started GET "/" for 127.0.0.1 at 2014-01-14 09:17:21 -0800
Processing by SiteController#index as HTML
  Rendered site/index.html.haml within layouts/application (1.0ms)
Completed 200 OK in 4ms (Views: 3.5ms | ActiveRecord: 0.0ms)


Started GET "/assets/application.css?body=1" for 127.0.0.1 at 2014-01-14 09:17:21 -0800
Served asset /application.css - 304 Not Modified (0ms)


Started GET "/assets/sandbox.js?body=1" for 127.0.0.1 at 2014-01-14 09:17:21 -0800
Served asset /sandbox.js - 304 Not Modified (0ms)


Started GET "/assets/application.js?body=1" for 127.0.0.1 at 2014-01-14 09:17:21 -0800
Served asset /application.js - 304 Not Modified (0ms)


Started GET "/" for 127.0.0.1 at 2014-01-14 09:17:53 -0800
Processing by SiteController#index as HTML
  Rendered site/index.html.haml within layouts/application (2.4ms)
Completed 200 OK in 5ms (Views: 5.2ms | ActiveRecord: 0.0ms)


Started GET "/assets/application.css?body=1" for 127.0.0.1 at 2014-01-14 09:17:53 -0800
Served asset /application.css - 304 Not Modified (0ms)


Started GET "/assets/sandbox.js?body=1" for 127.0.0.1 at 2014-01-14 09:17:53 -0800
Served asset /sandbox.js - 304 Not Modified (0ms)


Started GET "/assets/application.js?body=1" for 127.0.0.1 at 2014-01-14 09:17:53 -0800
Served asset /application.js - 304 Not Modified (0ms)


Started GET "/" for 127.0.0.1 at 2014-01-14 09:20:37 -0800
Processing by SiteController#index as HTML
  Rendered site/index.html.haml within layouts/application (1.2ms)
Completed 200 OK in 4ms (Views: 4.2ms | ActiveRecord: 0.0ms)


Started GET "/assets/application.css?body=1" for 127.0.0.1 at 2014-01-14 09:20:37 -0800
Served asset /application.css - 304 Not Modified (0ms)


Started GET "/assets/sandbox.js?body=1" for 127.0.0.1 at 2014-01-14 09:20:37 -0800
Served asset /sandbox.js - 304 Not Modified (0ms)


Started GET "/assets/application.js?body=1" for 127.0.0.1 at 2014-01-14 09:20:37 -0800
Served asset /application.js - 304 Not Modified (0ms)


Started GET "/" for 127.0.0.1 at 2014-01-14 10:13:22 -0800
Processing by SiteController#index as HTML
  Rendered site/index.html.haml within layouts/application (1.7ms)
Completed 200 OK in 6ms (Views: 5.8ms | ActiveRecord: 0.0ms)


Started GET "/assets/application.css?body=1" for 127.0.0.1 at 2014-01-14 10:13:22 -0800
Served asset /application.css - 304 Not Modified (0ms)


Started GET "/assets/sandbox.js?body=1" for 127.0.0.1 at 2014-01-14 10:13:22 -0800
Served asset /sandbox.js - 304 Not Modified (0ms)


Started GET "/assets/application.js?body=1" for 127.0.0.1 at 2014-01-14 10:13:22 -0800
Served asset /application.js - 304 Not Modified (0ms)


Started GET "/" for 127.0.0.1 at 2014-01-14 10:13:27 -0800
Processing by SiteController#index as HTML
  Rendered site/index.html.haml within layouts/application (1.1ms)
Completed 200 OK in 4ms (Views: 3.6ms | ActiveRecord: 0.0ms)


Started GET "/assets/application.css?body=1" for 127.0.0.1 at 2014-01-14 10:13:27 -0800
Served asset /application.css - 304 Not Modified (0ms)


Started GET "/assets/sandbox.js?body=1" for 127.0.0.1 at 2014-01-14 10:13:27 -0800
Served asset /sandbox.js - 304 Not Modified (0ms)


Started GET "/assets/application.js?body=1" for 127.0.0.1 at 2014-01-14 10:13:27 -0800
Served asset /application.js - 304 Not Modified (0ms)


Started GET "/" for 127.0.0.1 at 2014-01-14 10:14:32 -0800
Processing by SiteController#index as HTML
  Rendered site/index.html.haml within layouts/application (1.0ms)
Completed 200 OK in 4ms (Views: 3.5ms | ActiveRecord: 0.0ms)


Started GET "/assets/application.css?body=1" for 127.0.0.1 at 2014-01-14 10:14:32 -0800
Served asset /application.css - 304 Not Modified (0ms)


Started GET "/assets/sandbox.js?body=1" for 127.0.0.1 at 2014-01-14 10:14:32 -0800
Served asset /sandbox.js - 304 Not Modified (0ms)


Started GET "/assets/application.js?body=1" for 127.0.0.1 at 2014-01-14 10:14:32 -0800
Served asset /application.js - 304 Not Modified (0ms)


Started GET "/" for 127.0.0.1 at 2014-01-14 10:22:59 -0800
Processing by SiteController#index as HTML
  Rendered site/index.html.haml within layouts/application (1.0ms)
Completed 200 OK in 4ms (Views: 3.6ms | ActiveRecord: 0.0ms)


Started GET "/assets/application.css?body=1" for 127.0.0.1 at 2014-01-14 10:22:59 -0800
Served asset /application.css - 304 Not Modified (0ms)


Started GET "/assets/sandbox.js?body=1" for 127.0.0.1 at 2014-01-14 10:22:59 -0800
Served asset /sandbox.js - 304 Not Modified (0ms)


Started GET "/assets/application.js?body=1" for 127.0.0.1 at 2014-01-14 10:22:59 -0800
Served asset /application.js - 304 Not Modified (0ms)


Started GET "/" for 127.0.0.1 at 2014-01-14 10:55:10 -0800
Processing by SiteController#index as HTML
  Rendered site/index.html.haml within layouts/application (1.4ms)
Completed 200 OK in 5ms (Views: 4.4ms | ActiveRecord: 0.0ms)


Started GET "/assets/application.css?body=1" for 127.0.0.1 at 2014-01-14 10:55:10 -0800
Served asset /application.css - 304 Not Modified (0ms)


Started GET "/assets/sandbox.js?body=1" for 127.0.0.1 at 2014-01-14 10:55:10 -0800
Served asset /sandbox.js - 304 Not Modified (0ms)


Started GET "/assets/application.js?body=1" for 127.0.0.1 at 2014-01-14 10:55:10 -0800
Served asset /application.js - 304 Not Modified (0ms)


Started GET "/" for 127.0.0.1 at 2014-01-14 11:09:05 -0800
Processing by SiteController#index as HTML
  Rendered site/index.html.haml within layouts/application (1.0ms)
Completed 200 OK in 4ms (Views: 3.5ms | ActiveRecord: 0.0ms)


Started GET "/assets/application.css?body=1" for 127.0.0.1 at 2014-01-14 11:09:05 -0800
Served asset /application.css - 304 Not Modified (0ms)


Started GET "/assets/sandbox.js?body=1" for 127.0.0.1 at 2014-01-14 11:09:05 -0800
Served asset /sandbox.js - 304 Not Modified (0ms)


Started GET "/assets/application.js?body=1" for 127.0.0.1 at 2014-01-14 11:09:05 -0800
Served asset /application.js - 304 Not Modified (0ms)


Started GET "/" for 127.0.0.1 at 2014-01-14 11:27:57 -0800
Processing by SiteController#index as HTML
  Rendered site/index.html.haml within layouts/application (1.3ms)
Completed 200 OK in 5ms (Views: 4.3ms | ActiveRecord: 0.0ms)


Started GET "/assets/application.css?body=1" for 127.0.0.1 at 2014-01-14 11:27:57 -0800
Served asset /application.css - 304 Not Modified (0ms)


Started GET "/assets/sandbox.js?body=1" for 127.0.0.1 at 2014-01-14 11:27:57 -0800
Served asset /sandbox.js - 304 Not Modified (0ms)


Started GET "/assets/application.js?body=1" for 127.0.0.1 at 2014-01-14 11:27:57 -0800
Served asset /application.js - 304 Not Modified (0ms)


Started GET "/" for 127.0.0.1 at 2014-01-14 11:41:00 -0800
Processing by SiteController#index as HTML
  Rendered site/index.html.haml within layouts/application (1.0ms)
Completed 200 OK in 4ms (Views: 3.6ms | ActiveRecord: 0.0ms)


Started GET "/assets/application.css?body=1" for 127.0.0.1 at 2014-01-14 11:41:00 -0800
Served asset /application.css - 304 Not Modified (0ms)


Started GET "/assets/sandbox.js?body=1" for 127.0.0.1 at 2014-01-14 11:41:00 -0800
Served asset /sandbox.js - 304 Not Modified (0ms)


Started GET "/assets/application.js?body=1" for 127.0.0.1 at 2014-01-14 11:41:00 -0800
Served asset /application.js - 304 Not Modified (0ms)


Started GET "/" for 127.0.0.1 at 2014-01-14 11:53:12 -0800
Processing by SiteController#index as HTML
  Rendered site/index.html.haml within layouts/application (1.2ms)
Completed 200 OK in 4ms (Views: 4.0ms | ActiveRecord: 0.0ms)


Started GET "/assets/application.css?body=1" for 127.0.0.1 at 2014-01-14 11:53:12 -0800
Served asset /application.css - 304 Not Modified (0ms)


Started GET "/assets/sandbox.js?body=1" for 127.0.0.1 at 2014-01-14 11:53:12 -0800
Served asset /sandbox.js - 304 Not Modified (0ms)


Started GET "/assets/application.js?body=1" for 127.0.0.1 at 2014-01-14 11:53:12 -0800
Served asset /application.js - 304 Not Modified (0ms)


Started GET "/" for 127.0.0.1 at 2014-01-14 11:58:24 -0800
Processing by SiteController#index as HTML
  Rendered site/index.html.haml within layouts/application (1.0ms)
Completed 200 OK in 4ms (Views: 3.6ms | ActiveRecord: 0.0ms)


Started GET "/assets/application.css?body=1" for 127.0.0.1 at 2014-01-14 11:58:24 -0800
Served asset /application.css - 304 Not Modified (0ms)


Started GET "/assets/sandbox.js?body=1" for 127.0.0.1 at 2014-01-14 11:58:24 -0800
Served asset /sandbox.js - 304 Not Modified (0ms)


Started GET "/assets/application.js?body=1" for 127.0.0.1 at 2014-01-14 11:58:24 -0800
Served asset /application.js - 304 Not Modified (0ms)


Started GET "/" for 127.0.0.1 at 2014-01-14 12:24:09 -0800
Processing by SiteController#index as HTML
  Rendered site/index.html.haml within layouts/application (1.2ms)
Completed 200 OK in 5ms (Views: 4.4ms | ActiveRecord: 0.0ms)


Started GET "/assets/application.css?body=1" for 127.0.0.1 at 2014-01-14 12:24:09 -0800
Served asset /application.css - 304 Not Modified (0ms)


Started GET "/assets/sandbox.js?body=1" for 127.0.0.1 at 2014-01-14 12:24:09 -0800
Served asset /sandbox.js - 304 Not Modified (0ms)


Started GET "/assets/application.js?body=1" for 127.0.0.1 at 2014-01-14 12:24:09 -0800
Served asset /application.js - 304 Not Modified (0ms)


Started GET "/" for 127.0.0.1 at 2014-01-14 12:24:16 -0800
Processing by SiteController#index as HTML
  Rendered site/index.html.haml within layouts/application (2.1ms)
Completed 200 OK in 7ms (Views: 6.7ms | ActiveRecord: 0.0ms)


Started GET "/assets/application.css?body=1" for 127.0.0.1 at 2014-01-14 12:24:16 -0800
Served asset /application.css - 304 Not Modified (0ms)


Started GET "/assets/sandbox.js?body=1" for 127.0.0.1 at 2014-01-14 12:24:16 -0800
Served asset /sandbox.js - 304 Not Modified (0ms)


Started GET "/assets/application.js?body=1" for 127.0.0.1 at 2014-01-14 12:24:16 -0800
Served asset /application.js - 304 Not Modified (0ms)


Started GET "/" for 127.0.0.1 at 2014-01-14 12:24:20 -0800
Processing by SiteController#index as HTML
  Rendered site/index.html.haml within layouts/application (1.2ms)
Completed 200 OK in 5ms (Views: 4.3ms | ActiveRecord: 0.0ms)


Started GET "/assets/application.css?body=1" for 127.0.0.1 at 2014-01-14 12:24:20 -0800
Served asset /application.css - 304 Not Modified (0ms)


Started GET "/assets/sandbox.js?body=1" for 127.0.0.1 at 2014-01-14 12:24:20 -0800
Served asset /sandbox.js - 304 Not Modified (0ms)


Started GET "/assets/application.js?body=1" for 127.0.0.1 at 2014-01-14 12:24:20 -0800
Served asset /application.js - 304 Not Modified (0ms)


Started GET "/" for 127.0.0.1 at 2014-01-14 12:31:37 -0800
Processing by SiteController#index as HTML
  Rendered site/index.html.haml within layouts/application (2.3ms)
Completed 200 OK in 7ms (Views: 6.6ms | ActiveRecord: 0.0ms)


Started GET "/assets/application.css?body=1" for 127.0.0.1 at 2014-01-14 12:31:37 -0800
Served asset /application.css - 304 Not Modified (0ms)


Started GET "/assets/sandbox.js?body=1" for 127.0.0.1 at 2014-01-14 12:31:37 -0800
Served asset /sandbox.js - 304 Not Modified (0ms)


Started GET "/assets/application.js?body=1" for 127.0.0.1 at 2014-01-14 12:31:37 -0800
Served asset /application.js - 304 Not Modified (0ms)


Started GET "/" for 127.0.0.1 at 2014-01-14 12:31:48 -0800
Processing by SiteController#index as HTML
  Rendered site/index.html.haml within layouts/application (1.0ms)
Completed 200 OK in 4ms (Views: 3.5ms | ActiveRecord: 0.0ms)


Started GET "/assets/application.css?body=1" for 127.0.0.1 at 2014-01-14 12:31:48 -0800
Served asset /application.css - 304 Not Modified (0ms)


Started GET "/assets/sandbox.js?body=1" for 127.0.0.1 at 2014-01-14 12:31:48 -0800
Served asset /sandbox.js - 304 Not Modified (0ms)


Started GET "/assets/application.js?body=1" for 127.0.0.1 at 2014-01-14 12:31:48 -0800
Served asset /application.js - 304 Not Modified (0ms)


Started GET "/" for 127.0.0.1 at 2014-01-14 12:36:25 -0800
Processing by SiteController#index as HTML
  Rendered site/index.html.haml within layouts/application (1.1ms)
Completed 200 OK in 5ms (Views: 4.4ms | ActiveRecord: 0.0ms)


Started GET "/assets/application.css?body=1" for 127.0.0.1 at 2014-01-14 12:36:25 -0800
Served asset /application.css - 304 Not Modified (0ms)


Started GET "/assets/sandbox.js?body=1" for 127.0.0.1 at 2014-01-14 12:36:25 -0800
Served asset /sandbox.js - 304 Not Modified (0ms)


Started GET "/assets/application.js?body=1" for 127.0.0.1 at 2014-01-14 12:36:25 -0800
Served asset /application.js - 304 Not Modified (0ms)


Started GET "/" for 127.0.0.1 at 2014-01-14 12:38:56 -0800
Processing by SiteController#index as HTML
  Rendered site/index.html.haml within layouts/application (1.9ms)
Completed 200 OK in 7ms (Views: 6.6ms | ActiveRecord: 0.0ms)


Started GET "/assets/application.css?body=1" for 127.0.0.1 at 2014-01-14 12:38:56 -0800
Served asset /application.css - 304 Not Modified (0ms)


Started GET "/assets/sandbox.js?body=1" for 127.0.0.1 at 2014-01-14 12:38:56 -0800
Served asset /sandbox.js - 304 Not Modified (0ms)


Started GET "/assets/application.js?body=1" for 127.0.0.1 at 2014-01-14 12:38:56 -0800
Served asset /application.js - 304 Not Modified (0ms)


Started GET "/" for 127.0.0.1 at 2014-01-14 12:43:03 -0800
Processing by SiteController#index as HTML
  Rendered site/index.html.haml within layouts/application (1.5ms)
Completed 200 OK in 6ms (Views: 5.4ms | ActiveRecord: 0.0ms)


Started GET "/assets/application.css?body=1" for 127.0.0.1 at 2014-01-14 12:43:03 -0800
Served asset /application.css - 304 Not Modified (0ms)


Started GET "/assets/sandbox.js?body=1" for 127.0.0.1 at 2014-01-14 12:43:03 -0800
Served asset /sandbox.js - 304 Not Modified (0ms)


Started GET "/assets/application.js?body=1" for 127.0.0.1 at 2014-01-14 12:43:03 -0800
Served asset /application.js - 304 Not Modified (0ms)


Started GET "/" for 127.0.0.1 at 2014-01-14 13:02:09 -0800
Processing by SiteController#index as HTML
  Rendered site/index.html.haml within layouts/application (1.7ms)
Completed 200 OK in 6ms (Views: 5.3ms | ActiveRecord: 0.0ms)


Started GET "/assets/application.css?body=1" for 127.0.0.1 at 2014-01-14 13:02:09 -0800
Served asset /application.css - 304 Not Modified (0ms)


Started GET "/assets/sandbox.js?body=1" for 127.0.0.1 at 2014-01-14 13:02:09 -0800
Served asset /sandbox.js - 304 Not Modified (0ms)


Started GET "/assets/application.js?body=1" for 127.0.0.1 at 2014-01-14 13:02:09 -0800
Served asset /application.js - 304 Not Modified (0ms)


Started GET "/" for 127.0.0.1 at 2014-01-14 13:45:04 -0800
Connecting to database specified by database.yml
Processing by SiteController#index as HTML
  Rendered site/index.html.haml within layouts/application (5.2ms)
Completed 200 OK in 43ms (Views: 42.7ms | ActiveRecord: 0.0ms)


Started GET "/assets/application.css?body=1" for 127.0.0.1 at 2014-01-14 13:45:04 -0800
Served asset /application.css - 304 Not Modified (1ms)


Started GET "/assets/sandbox.js?body=1" for 127.0.0.1 at 2014-01-14 13:45:04 -0800
Served asset /sandbox.js - 304 Not Modified (1ms)


Started GET "/assets/application.js?body=1" for 127.0.0.1 at 2014-01-14 13:45:04 -0800
Served asset /application.js - 304 Not Modified (0ms)


Started GET "/" for 127.0.0.1 at 2014-01-14 13:50:18 -0800
Processing by SiteController#index as HTML
  Rendered site/index.html.haml within layouts/application (1.0ms)
Completed 200 OK in 4ms (Views: 3.6ms | ActiveRecord: 0.0ms)


Started GET "/assets/application.css?body=1" for 127.0.0.1 at 2014-01-14 13:50:18 -0800
Served asset /application.css - 304 Not Modified (0ms)


Started GET "/assets/sandbox.js?body=1" for 127.0.0.1 at 2014-01-14 13:50:18 -0800
Served asset /sandbox.js - 304 Not Modified (0ms)


Started GET "/assets/application.js?body=1" for 127.0.0.1 at 2014-01-14 13:50:18 -0800
Served asset /application.js - 304 Not Modified (0ms)


Started GET "/" for 127.0.0.1 at 2014-01-14 13:54:15 -0800
Processing by SiteController#index as HTML
  Rendered site/index.html.haml within layouts/application (1.2ms)
Completed 200 OK in 4ms (Views: 4.0ms | ActiveRecord: 0.0ms)


Started GET "/assets/application.css?body=1" for 127.0.0.1 at 2014-01-14 13:54:15 -0800
Served asset /application.css - 304 Not Modified (0ms)


Started GET "/assets/sandbox.js?body=1" for 127.0.0.1 at 2014-01-14 13:54:15 -0800
Served asset /sandbox.js - 304 Not Modified (0ms)


Started GET "/assets/application.js?body=1" for 127.0.0.1 at 2014-01-14 13:54:15 -0800
Served asset /application.js - 304 Not Modified (0ms)


Started GET "/" for 127.0.0.1 at 2014-01-14 13:56:35 -0800
Processing by SiteController#index as HTML
  Rendered site/index.html.haml within layouts/application (1.2ms)
Completed 200 OK in 4ms (Views: 3.9ms | ActiveRecord: 0.0ms)


Started GET "/assets/application.css?body=1" for 127.0.0.1 at 2014-01-14 13:56:35 -0800
Served asset /application.css - 304 Not Modified (0ms)


Started GET "/assets/sandbox.js?body=1" for 127.0.0.1 at 2014-01-14 13:56:35 -0800
Served asset /sandbox.js - 304 Not Modified (0ms)


Started GET "/assets/application.js?body=1" for 127.0.0.1 at 2014-01-14 13:56:35 -0800
Served asset /application.js - 304 Not Modified (0ms)


Started GET "/" for 127.0.0.1 at 2014-01-14 14:07:01 -0800
Processing by SiteController#index as HTML
  Rendered site/index.html.haml within layouts/application (1.1ms)
Completed 200 OK in 4ms (Views: 3.8ms | ActiveRecord: 0.0ms)


Started GET "/assets/application.css?body=1" for 127.0.0.1 at 2014-01-14 14:07:01 -0800
Served asset /application.css - 304 Not Modified (0ms)


Started GET "/assets/sandbox.js?body=1" for 127.0.0.1 at 2014-01-14 14:07:01 -0800
Served asset /sandbox.js - 304 Not Modified (0ms)


Started GET "/assets/application.js?body=1" for 127.0.0.1 at 2014-01-14 14:07:01 -0800
Served asset /application.js - 304 Not Modified (0ms)


Started GET "/" for 127.0.0.1 at 2014-01-24 13:52:44 -0800
Connecting to database specified by database.yml
Processing by SiteController#index as HTML
  Rendered site/index.html.haml within layouts/application (7.7ms)
Completed 200 OK in 51ms (Views: 50.5ms | ActiveRecord: 0.0ms)


Started GET "/assets/application.css?body=1" for 127.0.0.1 at 2014-01-24 13:52:45 -0800
Served asset /application.css - 200 OK (1ms)


Started GET "/assets/sandbox.js?body=1" for 127.0.0.1 at 2014-01-24 13:52:45 -0800
Served asset /sandbox.js - 200 OK (1ms)


Started GET "/assets/application.js?body=1" for 127.0.0.1 at 2014-01-24 13:52:45 -0800
Served asset /application.js - 200 OK (0ms)


Started GET "/" for 127.0.0.1 at 2014-01-24 13:56:18 -0800
Connecting to database specified by database.yml
Processing by SiteController#index as HTML
Compiled sandbox.js  (0ms)  (pid 14747)
  Rendered site/index.html.haml within layouts/application (9.5ms)
Completed 200 OK in 42ms (Views: 42.0ms | ActiveRecord: 0.0ms)


Started GET "/assets/application.css?body=1" for 127.0.0.1 at 2014-01-24 13:56:18 -0800
Served asset /application.css - 304 Not Modified (1ms)


Started GET "/assets/sandbox.js?body=1" for 127.0.0.1 at 2014-01-24 13:56:18 -0800
Served asset /sandbox.js - 200 OK (1ms)


Started GET "/assets/application.js?body=1" for 127.0.0.1 at 2014-01-24 13:56:18 -0800
Served asset /application.js - 304 Not Modified (1ms)


Started GET "/" for 127.0.0.1 at 2014-02-03 19:22:59 -0800
Connecting to database specified by database.yml
Processing by SiteController#index as HTML
Compiled sandbox.js  (0ms)  (pid 50585)
  Rendered site/index.html.haml within layouts/application (9.7ms)
Completed 200 OK in 49ms (Views: 48.2ms | ActiveRecord: 0.0ms)


Started GET "/assets/application.css?body=1" for 127.0.0.1 at 2014-02-03 19:22:59 -0800
Served asset /application.css - 200 OK (2ms)


Started GET "/assets/sandbox.js?body=1" for 127.0.0.1 at 2014-02-03 19:22:59 -0800
Served asset /sandbox.js - 200 OK (1ms)


Started GET "/assets/application.js?body=1" for 127.0.0.1 at 2014-02-03 19:22:59 -0800
Served asset /application.js - 200 OK (1ms)


Started GET "/" for 127.0.0.1 at 2014-02-03 19:23:18 -0800
Processing by SiteController#index as HTML
Compiled sandbox.js  (0ms)  (pid 50585)
  Rendered site/index.html.haml within layouts/application (7.1ms)
Completed 200 OK in 11ms (Views: 10.3ms | ActiveRecord: 0.0ms)


Started GET "/assets/application.css?body=1" for 127.0.0.1 at 2014-02-03 19:23:18 -0800
Served asset /application.css - 304 Not Modified (0ms)


Started GET "/assets/sandbox.js?body=1" for 127.0.0.1 at 2014-02-03 19:23:18 -0800
Served asset /sandbox.js - 200 OK (1ms)


Started GET "/assets/application.js?body=1" for 127.0.0.1 at 2014-02-03 19:23:18 -0800
Served asset /application.js - 304 Not Modified (0ms)


Started GET "/" for 127.0.0.1 at 2014-02-03 19:25:00 -0800
Processing by SiteController#index as HTML
  Rendered site/index.html.haml within layouts/application (1.6ms)
Completed 200 OK in 8ms (Views: 8.1ms | ActiveRecord: 0.0ms)


Started GET "/assets/application.css?body=1" for 127.0.0.1 at 2014-02-03 19:25:00 -0800
Served asset /application.css - 304 Not Modified (0ms)


Started GET "/assets/sandbox.js?body=1" for 127.0.0.1 at 2014-02-03 19:25:00 -0800
Served asset /sandbox.js - 304 Not Modified (0ms)


Started GET "/assets/application.js?body=1" for 127.0.0.1 at 2014-02-03 19:25:00 -0800
Served asset /application.js - 304 Not Modified (0ms)


Started GET "/" for 127.0.0.1 at 2014-02-03 19:32:42 -0800
Processing by SiteController#index as HTML
  Rendered site/index.html.haml within layouts/application (1.8ms)
Completed 200 OK in 9ms (Views: 8.3ms | ActiveRecord: 0.0ms)


Started GET "/assets/application.css?body=1" for 127.0.0.1 at 2014-02-03 19:32:42 -0800
Served asset /application.css - 304 Not Modified (0ms)


Started GET "/assets/sandbox.js?body=1" for 127.0.0.1 at 2014-02-03 19:32:42 -0800
Served asset /sandbox.js - 304 Not Modified (0ms)


Started GET "/assets/application.js?body=1" for 127.0.0.1 at 2014-02-03 19:32:42 -0800
Served asset /application.js - 304 Not Modified (0ms)


Started GET "/" for 127.0.0.1 at 2014-02-03 19:39:38 -0800
Processing by SiteController#index as HTML
  Rendered site/index.html.haml within layouts/application (0.9ms)
Completed 200 OK in 4ms (Views: 3.5ms | ActiveRecord: 0.0ms)


Started GET "/assets/application.css?body=1" for 127.0.0.1 at 2014-02-03 19:39:39 -0800
Served asset /application.css - 304 Not Modified (0ms)


Started GET "/assets/sandbox.js?body=1" for 127.0.0.1 at 2014-02-03 19:39:39 -0800
Served asset /sandbox.js - 304 Not Modified (0ms)


Started GET "/assets/application.js?body=1" for 127.0.0.1 at 2014-02-03 19:39:39 -0800
Served asset /application.js - 304 Not Modified (0ms)


Started GET "/" for 127.0.0.1 at 2014-04-15 15:23:26 -0700
Connecting to database specified by database.yml
Processing by SiteController#index as HTML
Compiled sandbox.js  (0ms)  (pid 76288)
  Rendered site/index.html.haml within layouts/application (10.1ms)
Completed 200 OK in 44ms (Views: 43.5ms | ActiveRecord: 0.0ms)


Started GET "/assets/application.css?body=1" for 127.0.0.1 at 2014-04-15 15:23:27 -0700
Served asset /application.css - 200 OK (1ms)


Started GET "/assets/sandbox.js?body=1" for 127.0.0.1 at 2014-04-15 15:23:27 -0700
Served asset /sandbox.js - 200 OK (1ms)


Started GET "/assets/application.js?body=1" for 127.0.0.1 at 2014-04-15 15:23:27 -0700
Served asset /application.js - 200 OK (1ms)


Started GET "/resume" for 127.0.0.1 at 2014-04-15 15:23:34 -0700
Processing by SiteController#resume as HTML
  Rendered site/resume.html.haml within layouts/application (13.3ms)
Completed 200 OK in 16ms (Views: 16.2ms | ActiveRecord: 0.0ms)


Started GET "/assets/application.css?body=1" for 127.0.0.1 at 2014-04-15 15:23:34 -0700
Served asset /application.css - 304 Not Modified (0ms)


Started GET "/assets/application.js?body=1" for 127.0.0.1 at 2014-04-15 15:23:34 -0700
Served asset /application.js - 304 Not Modified (0ms)


Started GET "/assets/furley_bg.png" for 127.0.0.1 at 2014-04-15 15:23:34 -0700
Served asset /furley_bg.png - 200 OK (3ms)


Started GET "/" for 127.0.0.1 at 2014-04-15 15:24:14 -0700
Processing by SiteController#index as HTML
  Rendered site/index.html.haml within layouts/application (1.5ms)
Completed 200 OK in 4ms (Views: 4.1ms | ActiveRecord: 0.0ms)


Started GET "/assets/application.css?body=1" for 127.0.0.1 at 2014-04-15 15:24:14 -0700
Served asset /application.css - 304 Not Modified (0ms)


Started GET "/assets/application.js?body=1" for 127.0.0.1 at 2014-04-15 15:24:14 -0700
Served asset /application.js - 304 Not Modified (0ms)
